2021-05-18 10:47:10,687 [Worker #12] INFO  InfoLogger - FileData\heatStation_2021051810.txt.txt文件创建成功;创建时间:2021/5/18 10:47:10
 InfoLoggername2021-05-18 10:47:13,066 [Worker #12] INFO  InfoLogger - 换热站能耗文件上传失败！时间为：2021/5/18 10:47:13
 InfoLoggername2021-05-18 10:47:13,648 [Worker #12] INFO  InfoLogger - FileData\HeatSource_2021051810.txt.txt文件创建成功;创建时间:2021/5/18 10:47:13
 InfoLoggername2021-05-18 10:47:15,873 [Worker #12] INFO  InfoLogger - 热源能耗文件上传失败！时间为：2021/5/18 10:47:15
 InfoLoggername2021-05-18 10:47:33,396 [Worker #12] INFO  InfoLogger - 室温实时数据文件上传失败！时间为：2021/5/18 10:47:33
 InfoLoggername2021-05-18 11:31:04,530 [6] INFO  InfoLogger - 全局异常过滤器：UpdateObjs is null
 InfoLoggername2021-05-18 11:47:08,521 [Worker #2] INFO  InfoLogger - FileData\heatStation_2021051811.txt.txt文件创建成功;创建时间:2021/5/18 11:47:08
 InfoLoggername2021-05-18 11:47:10,826 [Worker #2] INFO  InfoLogger - 换热站能耗文件上传失败！时间为：2021/5/18 11:47:10
 InfoLoggername2021-05-18 11:47:11,089 [Worker #2] INFO  InfoLogger - FileData\HeatSource_2021051811.txt.txt文件创建成功;创建时间:2021/5/18 11:47:11
 InfoLoggername2021-05-18 11:47:13,381 [Worker #2] INFO  InfoLogger - 热源能耗文件上传失败！时间为：2021/5/18 11:47:13
 InfoLoggername2021-05-18 11:47:30,863 [Worker #2] INFO  InfoLogger - 室温实时数据文件上传失败！时间为：2021/5/18 11:47:30
 InfoLoggername2021-05-18 11:58:53,285 [96] INFO  InfoLogger - Post请求接口失败:由于连接方在一段时间后没有正确答复或连接的主机没有反应，连接尝试失败。 由于连接方在一段时间后没有正确答复或连接的主机没有反应，连接尝试失败。;记录时间:2021/5/18 11:58:53;
 InfoLoggername2021-05-18 12:47:15,703 [Worker #13] INFO  InfoLogger - FileData\heatStation_2021051812.txt.txt文件创建成功;创建时间:2021/5/18 12:47:15
 InfoLoggername2021-05-18 12:47:17,952 [Worker #13] INFO  InfoLogger - 换热站能耗文件上传失败！时间为：2021/5/18 12:47:17
 InfoLoggername2021-05-18 12:47:18,209 [Worker #13] INFO  InfoLogger - FileData\HeatSource_2021051812.txt.txt文件创建成功;创建时间:2021/5/18 12:47:18
 InfoLoggername2021-05-18 12:47:20,424 [Worker #13] INFO  InfoLogger - 热源能耗文件上传失败！时间为：2021/5/18 12:47:20
 InfoLoggername2021-05-18 12:47:37,875 [Worker #13] INFO  InfoLogger - 室温实时数据文件上传失败！时间为：2021/5/18 12:47:37
 InfoLoggername2021-05-18 13:47:02,686 [Worker #9] INFO  InfoLogger - FileData\heatStation_2021051813.txt.txt文件创建成功;创建时间:2021/5/18 13:47:02
 InfoLoggername2021-05-18 13:47:04,910 [Worker #9] INFO  InfoLogger - 换热站能耗文件上传失败！时间为：2021/5/18 13:47:04
 InfoLoggername2021-05-18 13:47:05,181 [Worker #9] INFO  InfoLogger - FileData\HeatSource_2021051813.txt.txt文件创建成功;创建时间:2021/5/18 13:47:05
 InfoLoggername2021-05-18 13:47:07,522 [Worker #9] INFO  InfoLogger - 热源能耗文件上传失败！时间为：2021/5/18 13:47:07
 InfoLoggername2021-05-18 13:47:24,760 [Worker #9] INFO  InfoLogger - 室温实时数据文件上传失败！时间为：2021/5/18 13:47:24
 InfoLoggername2021-05-18 15:47:23,500 [Worker #4] INFO  InfoLogger - FileData\heatStation_2021051815.txt.txt文件创建成功;创建时间:2021/5/18 15:47:23
 InfoLoggername2021-05-18 15:47:26,028 [Worker #4] INFO  InfoLogger - 换热站能耗文件上传失败！时间为：2021/5/18 15:47:26
 InfoLoggername2021-05-18 15:47:26,311 [Worker #4] INFO  InfoLogger - FileData\HeatSource_2021051815.txt.txt文件创建成功;创建时间:2021/5/18 15:47:26
 InfoLoggername2021-05-18 15:47:28,581 [Worker #4] INFO  InfoLogger - 热源能耗文件上传失败！时间为：2021/5/18 15:47:28
 InfoLoggername2021-05-18 15:47:46,114 [Worker #4] INFO  InfoLogger - 室温实时数据文件上传失败！时间为：2021/5/18 15:47:46
 InfoLoggername2021-05-18 16:47:02,830 [Worker #3] INFO  InfoLogger - FileData\heatStation_2021051816.txt.txt文件创建成功;创建时间:2021/5/18 16:47:02
 InfoLoggername2021-05-18 16:47:05,131 [Worker #3] INFO  InfoLogger - 换热站能耗文件上传失败！时间为：2021/5/18 16:47:05
 InfoLoggername2021-05-18 16:47:05,407 [Worker #3] INFO  InfoLogger - FileData\HeatSource_2021051816.txt.txt文件创建成功;创建时间:2021/5/18 16:47:05
 InfoLoggername2021-05-18 16:47:07,673 [Worker #3] INFO  InfoLogger - 热源能耗文件上传失败！时间为：2021/5/18 16:47:07
 InfoLoggername2021-05-18 16:47:25,179 [Worker #3] INFO  InfoLogger - 室温实时数据文件上传失败！时间为：2021/5/18 16:47:25
 InfoLoggername2021-05-18 17:47:09,755 [Worker #7] INFO  InfoLogger - FileData\heatStation_2021051817.txt.txt文件创建成功;创建时间:2021/5/18 17:47:09
 InfoLoggername2021-05-18 17:47:11,982 [Worker #7] INFO  InfoLogger - 换热站能耗文件上传失败！时间为：2021/5/18 17:47:11
 InfoLoggername2021-05-18 17:47:12,267 [Worker #7] INFO  InfoLogger - FileData\HeatSource_2021051817.txt.txt文件创建成功;创建时间:2021/5/18 17:47:12
 InfoLoggername2021-05-18 17:47:14,468 [Worker #7] INFO  InfoLogger - 热源能耗文件上传失败！时间为：2021/5/18 17:47:14
 InfoLoggername2021-05-18 17:47:31,723 [Worker #7] INFO  InfoLogger - 室温实时数据文件上传失败！时间为：2021/5/18 17:47:31
 InfoLoggername2021-05-18 18:47:06,965 [Worker #4] INFO  InfoLogger - FileData\heatStation_2021051818.txt.txt文件创建成功;创建时间:2021/5/18 18:47:06
 InfoLoggername2021-05-18 18:47:09,311 [Worker #4] INFO  InfoLogger - 换热站能耗文件上传失败！时间为：2021/5/18 18:47:09
 InfoLoggername2021-05-18 18:47:09,586 [Worker #4] INFO  InfoLogger - FileData\HeatSource_2021051818.txt.txt文件创建成功;创建时间:2021/5/18 18:47:09
 InfoLoggername2021-05-18 18:47:11,815 [Worker #4] INFO  InfoLogger - 热源能耗文件上传失败！时间为：2021/5/18 18:47:11
 InfoLoggername2021-05-18 18:47:29,249 [Worker #4] INFO  InfoLogger - 室温实时数据文件上传失败！时间为：2021/5/18 18:47:29
 InfoLoggername