2021-06-08 14:13:35,568 [11] INFO  InfoLogger - /api/Uniformed/SendAllInfo:Post请求接口成功:;记录时间:2021/6/8 14:13:35;
 InfoLoggername2021-06-08 14:16:39,183 [6] INFO  InfoLogger - /api/Uniformed/SendAllInfo:Post请求接口成功:;记录时间:2021/6/8 14:16:38;
 InfoLoggername2021-06-08 14:17:17,847 [6] INFO  InfoLogger - startIndex cannot be larger than length of string.
Parameter name: startIndex
 InfoLoggername2021-06-08 14:17:24,332 [45] INFO  InfoLogger - /api/Uniformed/SendAllInfo:Post请求接口成功:;记录时间:2021/6/8 14:17:24;
 InfoLoggername2021-06-08 14:17:24,525 [44] INFO  InfoLogger - /api/Uniformed/SendAllInfo:Post请求接口成功:;记录时间:2021/6/8 14:17:24;
 InfoLoggername2021-06-08 14:17:24,682 [10] INFO  InfoLogger - /api/Uniformed/SendAllInfo:Post请求接口成功:;记录时间:2021/6/8 14:17:24;
 InfoLoggername2021-06-08 14:17:24,730 [6] INFO  InfoLogger - /api/Uniformed/SendAllInfo:Post请求接口成功:;记录时间:2021/6/8 14:17:24;
 InfoLoggername2021-06-08 14:17:24,784 [44] INFO  InfoLogger - /api/Uniformed/SendAllInfo:Post请求接口成功:;记录时间:2021/6/8 14:17:24;
 InfoLoggername2021-06-08 14:17:24,801 [7] INFO  InfoLogger - /api/Uniformed/SendAllInfo:Post请求接口成功:;记录时间:2021/6/8 14:17:24;
 InfoLoggername2021-06-08 14:17:25,019 [6] INFO  InfoLogger - /api/Uniformed/SendAllInfo:Post请求接口成功:;记录时间:2021/6/8 14:17:25;
 InfoLoggername2021-06-08 14:17:25,083 [43] INFO  InfoLogger - /api/Uniformed/SendAllInfo:Post请求接口成功:;记录时间:2021/6/8 14:17:25;
 InfoLoggername2021-06-08 14:17:25,106 [44] INFO  InfoLogger - /api/Uniformed/SendAllInfo:Post请求接口成功:;记录时间:2021/6/8 14:17:25;
 InfoLoggername2021-06-08 14:17:25,275 [6] INFO  InfoLogger - /api/Uniformed/SendAllInfo:Post请求接口成功:;记录时间:2021/6/8 14:17:25;
 InfoLoggername2021-06-08 14:17:25,361 [44] INFO  InfoLogger - /api/Uniformed/SendAllInfo:Post请求接口成功:;记录时间:2021/6/8 14:17:25;
 InfoLoggername2021-06-08 14:17:25,513 [43] INFO  InfoLogger - /api/Uniformed/SendAllInfo:Post请求接口成功:;记录时间:2021/6/8 14:17:25;
 InfoLoggername2021-06-08 14:17:25,713 [44] INFO  InfoLogger - /api/Uniformed/SendAllInfo:Post请求接口成功:;记录时间:2021/6/8 14:17:25;
 InfoLoggername2021-06-08 14:17:25,790 [43] INFO  InfoLogger - /api/Uniformed/SendAllInfo:Post请求接口成功:;记录时间:2021/6/8 14:17:25;
 InfoLoggername2021-06-08 14:17:25,934 [6] INFO  InfoLogger - /api/Uniformed/SendAllInfo:Post请求接口成功:;记录时间:2021/6/8 14:17:25;
 InfoLoggername2021-06-08 14:17:26,636 [10] INFO  InfoLogger - /api/Uniformed/SendAllInfo:Post请求接口成功:;记录时间:2021/6/8 14:17:26;
 InfoLoggername2021-06-08 14:17:26,802 [7] INFO  InfoLogger - /api/Uniformed/SendAllInfo:Post请求接口成功:;记录时间:2021/6/8 14:17:26;
 InfoLoggername2021-06-08 14:17:27,658 [45] INFO  InfoLogger - /api/Uniformed/SendAllInfo:Post请求接口成功:;记录时间:2021/6/8 14:17:27;
 InfoLoggername2021-06-08 14:19:20,923 [6] INFO  InfoLogger - /api/Uniformed/SendAllInfo:Post请求接口成功:;记录时间:2021/6/8 14:19:20;
 InfoLoggername2021-06-08 14:19:25,292 [75] INFO  InfoLogger - /api/Uniformed/SendAllInfo:Post请求接口成功:;记录时间:2021/6/8 14:19:25;
 InfoLoggername2021-06-08 14:19:25,312 [75] INFO  InfoLogger - Length cannot be less than zero.
Parameter name: length
 InfoLoggername2021-06-08 14:19:40,107 [6] INFO  InfoLogger - /api/Uniformed/SendAllInfo:Post请求接口成功:;记录时间:2021/6/8 14:19:40;
 InfoLoggername2021-06-08 14:19:40,116 [70] INFO  InfoLogger - /api/Uniformed/SendAllInfo:Post请求接口成功:;记录时间:2021/6/8 14:19:40;
 InfoLoggername2021-06-08 14:19:40,524 [7] INFO  InfoLogger - /api/Uniformed/SendAllInfo:Post请求接口成功:;记录时间:2021/6/8 14:19:40;
 InfoLoggername2021-06-08 14:19:41,703 [44] INFO  InfoLogger - /api/Uniformed/SendAllInfo:Post请求接口成功:;记录时间:2021/6/8 14:19:41;
 InfoLoggername2021-06-08 14:21:46,380 [10] INFO  InfoLogger - /api/Uniformed/SendAllInfo:Post请求接口成功:;记录时间:2021/6/8 14:21:46;
 InfoLoggername2021-06-08 14:21:47,663 [44] INFO  InfoLogger - /api/Uniformed/SendAllInfo:Post请求接口成功:;记录时间:2021/6/8 14:21:47;
 InfoLoggername2021-06-08 14:23:00,652 [69] INFO  InfoLogger - /api/Uniformed/SendAllInfo:Post请求接口成功:;记录时间:2021/6/8 14:23:00;
 InfoLoggername2021-06-08 14:23:00,658 [70] INFO  InfoLogger - /api/Uniformed/SendAllInfo:Post请求接口成功:;记录时间:2021/6/8 14:23:00;
 InfoLoggername2021-06-08 14:23:01,039 [10] INFO  InfoLogger - /api/Uniformed/SendAllInfo:Post请求接口成功:;记录时间:2021/6/8 14:23:01;
 InfoLoggername2021-06-08 14:23:02,278 [44] INFO  InfoLogger - /api/Uniformed/SendAllInfo:Post请求接口成功:;记录时间:2021/6/8 14:23:02;
 InfoLoggername2021-06-08 14:23:42,709 [10] INFO  InfoLogger - /api/Uniformed/SendAllInfo:Post请求接口成功:;记录时间:2021/6/8 14:23:42;
 InfoLoggername2021-06-08 14:23:42,963 [45] INFO  InfoLogger - /api/Uniformed/SendAllInfo:Post请求接口成功:;记录时间:2021/6/8 14:23:42;
 InfoLoggername2021-06-08 14:23:43,086 [10] INFO  InfoLogger - /api/Uniformed/SendAllInfo:Post请求接口成功:;记录时间:2021/6/8 14:23:43;
 InfoLoggername2021-06-08 14:23:44,341 [6] INFO  InfoLogger - /api/Uniformed/SendAllInfo:Post请求接口成功:;记录时间:2021/6/8 14:23:44;
 InfoLoggername2021-06-08 14:23:46,301 [6] INFO  InfoLogger - /api/Uniformed/SendAllInfo:Post请求接口成功:;记录时间:2021/6/8 14:23:46;
 InfoLoggername2021-06-08 14:23:46,309 [69] INFO  InfoLogger - /api/Uniformed/SendAllInfo:Post请求接口成功:;记录时间:2021/6/8 14:23:46;
 InfoLoggername2021-06-08 14:23:46,708 [69] INFO  InfoLogger - /api/Uniformed/SendAllInfo:Post请求接口成功:;记录时间:2021/6/8 14:23:46;
 InfoLoggername2021-06-08 14:23:47,801 [44] INFO  InfoLogger - /api/Uniformed/SendAllInfo:Post请求接口成功:;记录时间:2021/6/8 14:23:47;
 InfoLoggername2021-06-08 14:23:49,584 [67] INFO  InfoLogger - /api/Uniformed/SendAllInfo:Post请求接口成功:;记录时间:2021/6/8 14:23:49;
 InfoLoggername2021-06-08 14:25:00,713 [6] INFO  InfoLogger - /api/Uniformed/SendAllInfo:Post请求接口成功:;记录时间:2021/6/8 14:25:00;
 InfoLoggername2021-06-08 14:25:00,718 [75] INFO  InfoLogger - /api/Uniformed/SendAllInfo:Post请求接口成功:;记录时间:2021/6/8 14:25:00;
 InfoLoggername2021-06-08 14:25:01,315 [10] INFO  InfoLogger - /api/Uniformed/SendAllInfo:Post请求接口成功:;记录时间:2021/6/8 14:25:01;
 InfoLoggername2021-06-08 14:25:02,210 [44] INFO  InfoLogger - /api/Uniformed/SendAllInfo:Post请求接口成功:;记录时间:2021/6/8 14:25:02;
 InfoLoggername2021-06-08 14:25:03,333 [44] INFO  InfoLogger - /api/Uniformed/SendAllInfo:Post请求接口成功:;记录时间:2021/6/8 14:25:03;
 InfoLoggername2021-06-08 14:25:03,340 [6] INFO  InfoLogger - /api/Uniformed/SendAllInfo:Post请求接口成功:;记录时间:2021/6/8 14:25:03;
 InfoLoggername2021-06-08 14:25:03,742 [6] INFO  InfoLogger - /api/Uniformed/SendAllInfo:Post请求接口成功:;记录时间:2021/6/8 14:25:03;
 InfoLoggername2021-06-08 14:25:04,823 [45] INFO  InfoLogger - /api/Uniformed/SendAllInfo:Post请求接口成功:;记录时间:2021/6/8 14:25:04;
 InfoLoggername2021-06-08 14:25:07,656 [70] INFO  InfoLogger - /api/Uniformed/SendAllInfo:Post请求接口成功:;记录时间:2021/6/8 14:25:07;
 InfoLoggername2021-06-08 14:25:07,668 [67] INFO  InfoLogger - /api/Uniformed/SendAllInfo:Post请求接口成功:;记录时间:2021/6/8 14:25:07;
 InfoLoggername2021-06-08 14:25:08,121 [67] INFO  InfoLogger - /api/Uniformed/SendAllInfo:Post请求接口成功:;记录时间:2021/6/8 14:25:08;
 InfoLoggername2021-06-08 14:25:09,216 [75] INFO  InfoLogger - /api/Uniformed/SendAllInfo:Post请求接口成功:;记录时间:2021/6/8 14:25:09;
 InfoLoggername2021-06-08 14:25:34,326 [44] INFO  InfoLogger - /api/Uniformed/SendAllInfo:Post请求接口成功:;记录时间:2021/6/8 14:25:34;
 InfoLoggername2021-06-08 14:25:34,328 [90] INFO  InfoLogger - /api/Uniformed/SendAllInfo:Post请求接口成功:;记录时间:2021/6/8 14:25:34;
 InfoLoggername2021-06-08 14:25:34,724 [90] INFO  InfoLogger - /api/Uniformed/SendAllInfo:Post请求接口成功:;记录时间:2021/6/8 14:25:34;
 InfoLoggername2021-06-08 14:25:35,881 [85] INFO  InfoLogger - /api/Uniformed/SendAllInfo:Post请求接口成功:;记录时间:2021/6/8 14:25:35;
 InfoLoggername2021-06-08 14:27:51,905 [6] INFO  InfoLogger - /api/Uniformed/SendAllInfo:Post请求接口成功:;记录时间:2021/6/8 14:27:51;
 InfoLoggername2021-06-08 14:27:53,192 [82] INFO  InfoLogger - /api/Uniformed/SendAllInfo:Post请求接口成功:;记录时间:2021/6/8 14:27:53;
 InfoLoggername2021-06-08 14:27:54,578 [6] INFO  InfoLogger - /api/Uniformed/SendAllInfo:Post请求接口成功:;记录时间:2021/6/8 14:27:54;
 InfoLoggername2021-06-08 14:27:57,417 [90] INFO  InfoLogger - /api/Uniformed/SendAllInfo:Post请求接口成功:;记录时间:2021/6/8 14:27:57;
 InfoLoggername2021-06-08 14:27:58,753 [45] INFO  InfoLogger - /api/Uniformed/SendAllInfo:Post请求接口成功:;记录时间:2021/6/8 14:27:58;
 InfoLoggername2021-06-08 14:27:58,806 [91] INFO  InfoLogger - /api/Uniformed/SendAllInfo:Post请求接口成功:;记录时间:2021/6/8 14:27:58;
 InfoLoggername2021-06-08 14:27:59,303 [91] INFO  InfoLogger - /api/Uniformed/SendAllInfo:Post请求接口成功:;记录时间:2021/6/8 14:27:59;
 InfoLoggername2021-06-08 14:27:59,418 [90] INFO  InfoLogger - /api/Uniformed/SendAllInfo:Post请求接口成功:;记录时间:2021/6/8 14:27:59;
 InfoLoggername2021-06-08 14:28:00,218 [89] INFO  InfoLogger - /api/Uniformed/SendAllInfo:Post请求接口成功:;记录时间:2021/6/8 14:28:00;
 InfoLoggername2021-06-08 14:29:21,435 [45] INFO  InfoLogger - /api/Uniformed/SendAllInfo:Post请求接口成功:;记录时间:2021/6/8 14:29:21;
 InfoLoggername2021-06-08 14:29:21,616 [85] INFO  InfoLogger - /api/Uniformed/SendAllInfo:Post请求接口成功:;记录时间:2021/6/8 14:29:21;
 InfoLoggername2021-06-08 14:29:22,130 [91] INFO  InfoLogger - /api/Uniformed/SendAllInfo:Post请求接口成功:;记录时间:2021/6/8 14:29:22;
 InfoLoggername2021-06-08 14:29:22,983 [89] INFO  InfoLogger - /api/Uniformed/SendAllInfo:Post请求接口成功:;记录时间:2021/6/8 14:29:22;
 InfoLoggername2021-06-08 14:30:39,544 [86] INFO  InfoLogger - /api/Uniformed/SendAllInfo:Post请求接口成功:;记录时间:2021/6/8 14:30:39;
 InfoLoggername2021-06-08 14:30:39,559 [95] INFO  InfoLogger - /api/Uniformed/SendAllInfo:Post请求接口成功:;记录时间:2021/6/8 14:30:39;
 InfoLoggername2021-06-08 14:30:39,940 [86] INFO  InfoLogger - /api/Uniformed/SendAllInfo:Post请求接口成功:;记录时间:2021/6/8 14:30:39;
 InfoLoggername2021-06-08 14:30:41,042 [91] INFO  InfoLogger - /api/Uniformed/SendAllInfo:Post请求接口成功:;记录时间:2021/6/8 14:30:41;
 InfoLoggername2021-06-08 14:32:54,189 [89] INFO  InfoLogger - /api/Uniformed/SendAllInfo:Post请求接口成功:;记录时间:2021/6/8 14:32:54;
 InfoLoggername2021-06-08 14:32:54,200 [82] INFO  InfoLogger - /api/Uniformed/SendAllInfo:Post请求接口成功:;记录时间:2021/6/8 14:32:54;
 InfoLoggername2021-06-08 14:32:54,636 [82] INFO  InfoLogger - /api/Uniformed/SendAllInfo:Post请求接口成功:;记录时间:2021/6/8 14:32:54;
 InfoLoggername2021-06-08 14:32:55,726 [86] INFO  InfoLogger - /api/Uniformed/SendAllInfo:Post请求接口成功:;记录时间:2021/6/8 14:32:55;
 InfoLoggername2021-06-08 14:33:06,860 [6] INFO  InfoLogger - /api/Uniformed/SendAllInfo:Post请求接口成功:;记录时间:2021/6/8 14:33:06;
 InfoLoggername2021-06-08 14:33:06,884 [95] INFO  InfoLogger - /api/Uniformed/SendAllInfo:Post请求接口成功:;记录时间:2021/6/8 14:33:06;
 InfoLoggername2021-06-08 14:33:07,398 [95] INFO  InfoLogger - /api/Uniformed/SendAllInfo:Post请求接口成功:;记录时间:2021/6/8 14:33:07;
 InfoLoggername2021-06-08 14:33:08,351 [85] INFO  InfoLogger - /api/Uniformed/SendAllInfo:Post请求接口成功:;记录时间:2021/6/8 14:33:08;
 InfoLoggername2021-06-08 14:33:37,157 [6] INFO  InfoLogger - /api/Uniformed/SendAllInfo:Post请求接口成功:;记录时间:2021/6/8 14:33:37;
 InfoLoggername2021-06-08 14:33:37,164 [82] INFO  InfoLogger - /api/Uniformed/SendAllInfo:Post请求接口成功:;记录时间:2021/6/8 14:33:37;
 InfoLoggername2021-06-08 14:33:37,550 [6] INFO  InfoLogger - /api/Uniformed/SendAllInfo:Post请求接口成功:;记录时间:2021/6/8 14:33:37;
 InfoLoggername2021-06-08 14:33:38,695 [85] INFO  InfoLogger - /api/Uniformed/SendAllInfo:Post请求接口成功:;记录时间:2021/6/8 14:33:38;
 InfoLoggername2021-06-08 14:33:56,703 [95] INFO  InfoLogger - /api/Uniformed/SendAllInfo:Post请求接口成功:;记录时间:2021/6/8 14:33:56;
 InfoLoggername2021-06-08 14:33:56,712 [6] INFO  InfoLogger - /api/Uniformed/SendAllInfo:Post请求接口成功:;记录时间:2021/6/8 14:33:56;
 InfoLoggername2021-06-08 14:33:57,169 [91] INFO  InfoLogger - /api/Uniformed/SendAllInfo:Post请求接口成功:;记录时间:2021/6/8 14:33:57;
 InfoLoggername2021-06-08 14:33:58,311 [82] INFO  InfoLogger - /api/Uniformed/SendAllInfo:Post请求接口成功:;记录时间:2021/6/8 14:33:58;
 InfoLoggername2021-06-08 14:34:33,111 [91] INFO  InfoLogger - /api/Uniformed/SendAllInfo:Post请求接口成功:;记录时间:2021/6/8 14:34:33;
 InfoLoggername2021-06-08 14:34:33,148 [86] INFO  InfoLogger - /api/Uniformed/SendAllInfo:Post请求接口成功:;记录时间:2021/6/8 14:34:33;
 InfoLoggername2021-06-08 14:34:33,584 [6] INFO  InfoLogger - /api/Uniformed/SendAllInfo:Post请求接口成功:;记录时间:2021/6/8 14:34:33;
 InfoLoggername2021-06-08 14:34:34,724 [85] INFO  InfoLogger - /api/Uniformed/SendAllInfo:Post请求接口成功:;记录时间:2021/6/8 14:34:34;
 InfoLoggername2021-06-08 14:36:18,000 [104] INFO  InfoLogger - /api/Uniformed/SendAllInfo:Post请求接口成功:;记录时间:2021/6/8 14:36:18;
 InfoLoggername2021-06-08 14:36:18,020 [105] INFO  InfoLogger - /api/Uniformed/SendAllInfo:Post请求接口成功:;记录时间:2021/6/8 14:36:18;
 InfoLoggername2021-06-08 14:36:18,419 [104] INFO  InfoLogger - /api/Uniformed/SendAllInfo:Post请求接口成功:;记录时间:2021/6/8 14:36:18;
 InfoLoggername2021-06-08 14:36:19,392 [85] INFO  InfoLogger - /api/Uniformed/SendAllInfo:Post请求接口成功:;记录时间:2021/6/8 14:36:19;
 InfoLoggername2021-06-08 14:37:16,421 [86] INFO  InfoLogger - /api/Uniformed/SendAllInfo:Post请求接口成功:;记录时间:2021/6/8 14:37:16;
 InfoLoggername2021-06-08 14:37:16,432 [6] INFO  InfoLogger - /api/Uniformed/SendAllInfo:Post请求接口成功:;记录时间:2021/6/8 14:37:16;
 InfoLoggername2021-06-08 14:37:16,827 [6] INFO  InfoLogger - /api/Uniformed/SendAllInfo:Post请求接口成功:;记录时间:2021/6/8 14:37:16;
 InfoLoggername2021-06-08 14:37:17,904 [82] INFO  InfoLogger - /api/Uniformed/SendAllInfo:Post请求接口成功:;记录时间:2021/6/8 14:37:17;
 InfoLoggername2021-06-08 14:37:53,549 [82] INFO  InfoLogger - /api/Uniformed/SendAllInfo:Post请求接口成功:;记录时间:2021/6/8 14:37:53;
 InfoLoggername2021-06-08 14:37:53,560 [119] INFO  InfoLogger - /api/Uniformed/SendAllInfo:Post请求接口成功:;记录时间:2021/6/8 14:37:53;
 InfoLoggername2021-06-08 14:37:54,315 [119] INFO  InfoLogger - /api/Uniformed/SendAllInfo:Post请求接口成功:;记录时间:2021/6/8 14:37:54;
 InfoLoggername2021-06-08 14:37:55,641 [6] INFO  InfoLogger - /api/Uniformed/SendAllInfo:Post请求接口成功:;记录时间:2021/6/8 14:37:55;
 InfoLoggername2021-06-08 14:38:17,050 [82] INFO  InfoLogger - /api/Uniformed/SendAllInfo:Post请求接口成功:;记录时间:2021/6/8 14:38:17;
 InfoLoggername2021-06-08 14:38:17,053 [6] INFO  InfoLogger - /api/Uniformed/SendAllInfo:Post请求接口成功:;记录时间:2021/6/8 14:38:17;
 InfoLoggername2021-06-08 14:38:17,532 [6] INFO  InfoLogger - /api/Uniformed/SendAllInfo:Post请求接口成功:;记录时间:2021/6/8 14:38:17;
 InfoLoggername2021-06-08 14:38:18,972 [105] INFO  InfoLogger - /api/Uniformed/SendAllInfo:Post请求接口成功:;记录时间:2021/6/8 14:38:18;
 InfoLoggername2021-06-08 14:39:55,662 [6] INFO  InfoLogger - /api/Uniformed/SendAllInfo:Post请求接口成功:;记录时间:2021/6/8 14:39:55;
 InfoLoggername2021-06-08 14:39:55,664 [95] INFO  InfoLogger - /api/Uniformed/SendAllInfo:Post请求接口成功:;记录时间:2021/6/8 14:39:55;
 InfoLoggername2021-06-08 14:39:56,442 [95] INFO  InfoLogger - /api/Uniformed/SendAllInfo:Post请求接口成功:;记录时间:2021/6/8 14:39:56;
 InfoLoggername2021-06-08 14:39:57,896 [105] INFO  InfoLogger - /api/Uniformed/SendAllInfo:Post请求接口成功:;记录时间:2021/6/8 14:39:57;
 InfoLoggername2021-06-08 14:41:01,133 [89] INFO  InfoLogger - /api/Uniformed/SendAllInfo:Post请求接口成功:;记录时间:2021/6/8 14:41:01;
 InfoLoggername2021-06-08 14:41:01,143 [105] INFO  InfoLogger - /api/Uniformed/SendAllInfo:Post请求接口成功:;记录时间:2021/6/8 14:41:01;
 InfoLoggername2021-06-08 14:41:01,580 [105] INFO  InfoLogger - /api/Uniformed/SendAllInfo:Post请求接口成功:;记录时间:2021/6/8 14:41:01;
 InfoLoggername2021-06-08 14:41:03,441 [6] INFO  InfoLogger - /api/Uniformed/SendAllInfo:Post请求接口成功:;记录时间:2021/6/8 14:41:03;
 InfoLoggername2021-06-08 14:42:29,963 [95] INFO  InfoLogger - /api/Uniformed/SendAllInfo:Post请求接口成功:;记录时间:2021/6/8 14:42:29;
 InfoLoggername2021-06-08 14:42:29,973 [85] INFO  InfoLogger - /api/Uniformed/SendAllInfo:Post请求接口成功:;记录时间:2021/6/8 14:42:29;
 InfoLoggername2021-06-08 14:42:30,371 [85] INFO  InfoLogger - /api/Uniformed/SendAllInfo:Post请求接口成功:;记录时间:2021/6/8 14:42:30;
 InfoLoggername2021-06-08 14:42:31,554 [6] INFO  InfoLogger - /api/Uniformed/SendAllInfo:Post请求接口成功:;记录时间:2021/6/8 14:42:31;
 InfoLoggername2021-06-08 14:43:11,155 [86] INFO  InfoLogger - /api/Uniformed/SendAllInfo:Post请求接口成功:;记录时间:2021/6/8 14:43:11;
 InfoLoggername2021-06-08 14:43:11,167 [6] INFO  InfoLogger - /api/Uniformed/SendAllInfo:Post请求接口成功:;记录时间:2021/6/8 14:43:11;
 InfoLoggername2021-06-08 14:43:11,631 [118] INFO  InfoLogger - /api/Uniformed/SendAllInfo:Post请求接口成功:;记录时间:2021/6/8 14:43:11;
 InfoLoggername2021-06-08 14:43:12,793 [130] INFO  InfoLogger - /api/Uniformed/SendAllInfo:Post请求接口成功:;记录时间:2021/6/8 14:43:12;
 InfoLoggername2021-06-08 14:43:58,293 [105] INFO  InfoLogger - /api/Uniformed/SendAllInfo:Post请求接口成功:;记录时间:2021/6/8 14:43:58;
 InfoLoggername2021-06-08 14:43:58,293 [6] INFO  InfoLogger - /api/Uniformed/SendAllInfo:Post请求接口成功:;记录时间:2021/6/8 14:43:58;
 InfoLoggername2021-06-08 14:43:58,657 [105] INFO  InfoLogger - /api/Uniformed/SendAllInfo:Post请求接口成功:;记录时间:2021/6/8 14:43:58;
 InfoLoggername2021-06-08 14:43:59,795 [86] INFO  InfoLogger - /api/Uniformed/SendAllInfo:Post请求接口成功:;记录时间:2021/6/8 14:43:59;
 InfoLoggername2021-06-08 14:45:22,787 [89] INFO  InfoLogger - /api/Uniformed/SendAllInfo:Post请求接口成功:;记录时间:2021/6/8 14:45:22;
 InfoLoggername2021-06-08 14:45:23,500 [95] INFO  InfoLogger - /api/Uniformed/SendAllInfo:Post请求接口成功:;记录时间:2021/6/8 14:45:23;
 InfoLoggername2021-06-08 14:45:24,191 [95] INFO  InfoLogger - /api/Uniformed/SendAllInfo:Post请求接口成功:;记录时间:2021/6/8 14:45:24;
 InfoLoggername2021-06-08 14:45:24,973 [95] INFO  InfoLogger - /api/Uniformed/SendAllInfo:Post请求接口成功:;记录时间:2021/6/8 14:45:24;
 InfoLoggername2021-06-08 14:45:25,403 [6] INFO  InfoLogger - /api/Uniformed/SendAllInfo:Post请求接口成功:;记录时间:2021/6/8 14:45:25;
 InfoLoggername2021-06-08 14:45:26,225 [6] INFO  InfoLogger - /api/Uniformed/SendAllInfo:Post请求接口成功:;记录时间:2021/6/8 14:45:26;
 InfoLoggername2021-06-08 14:45:27,234 [6] INFO  InfoLogger - /api/Uniformed/SendAllInfo:Post请求接口成功:;记录时间:2021/6/8 14:45:27;
 InfoLoggername2021-06-08 14:45:27,493 [105] INFO  InfoLogger - /api/Uniformed/SendAllInfo:Post请求接口成功:;记录时间:2021/6/8 14:45:27;
 InfoLoggername2021-06-08 14:47:12,465 [89] INFO  InfoLogger - /api/Uniformed/SendAllInfo:Post请求接口成功:;记录时间:2021/6/8 14:47:12;
 InfoLoggername2021-06-08 14:47:12,584 [95] INFO  InfoLogger - /api/Uniformed/SendAllInfo:Post请求接口成功:;记录时间:2021/6/8 14:47:12;
 InfoLoggername2021-06-08 14:47:12,588 [105] INFO  InfoLogger - /api/Uniformed/SendAllInfo:Post请求接口成功:;记录时间:2021/6/8 14:47:12;
 InfoLoggername2021-06-08 14:47:12,593 [6] INFO  InfoLogger - /api/Uniformed/SendAllInfo:Post请求接口成功:;记录时间:2021/6/8 14:47:12;
 InfoLoggername2021-06-08 14:47:12,633 [86] INFO  InfoLogger - /api/Uniformed/SendAllInfo:Post请求接口成功:;记录时间:2021/6/8 14:47:12;
 InfoLoggername2021-06-08 14:47:12,653 [85] INFO  InfoLogger - /api/Uniformed/SendAllInfo:Post请求接口成功:;记录时间:2021/6/8 14:47:12;
 InfoLoggername2021-06-08 14:47:12,730 [89] INFO  InfoLogger - /api/Uniformed/SendAllInfo:Post请求接口成功:;记录时间:2021/6/8 14:47:12;
 InfoLoggername2021-06-08 14:47:16,248 [95] INFO  InfoLogger - /api/Uniformed/SendAllInfo:Post请求接口成功:;记录时间:2021/6/8 14:47:16;
 InfoLoggername2021-06-08 14:47:16,267 [89] INFO  InfoLogger - /api/Uniformed/SendAllInfo:Post请求接口成功:;记录时间:2021/6/8 14:47:16;
 InfoLoggername2021-06-08 14:47:16,275 [6] INFO  InfoLogger - /api/Uniformed/SendAllInfo:Post请求接口成功:;记录时间:2021/6/8 14:47:16;
 InfoLoggername2021-06-08 14:47:16,306 [85] INFO  InfoLogger - /api/Uniformed/SendAllInfo:Post请求接口成功:;记录时间:2021/6/8 14:47:16;
 InfoLoggername2021-06-08 14:47:16,335 [120] INFO  InfoLogger - /api/Uniformed/SendAllInfo:Post请求接口成功:;记录时间:2021/6/8 14:47:16;
 InfoLoggername2021-06-08 14:47:19,137 [118] INFO  InfoLogger - /api/Uniformed/SendAllInfo:Post请求接口成功:;记录时间:2021/6/8 14:47:19;
 InfoLoggername2021-06-08 15:09:02,533 [7] INFO  InfoLogger - /api/Uniformed/SendAllInfo:Post请求接口成功:;记录时间:2021/6/8 15:09:02;
 InfoLoggername2021-06-08 15:12:15,492 [53] INFO  InfoLogger - /api/Uniformed/SendAllInfo:Post请求接口成功:;记录时间:2021/6/8 15:12:15;
 InfoLoggername2021-06-08 15:18:08,343 [43] INFO  InfoLogger - /api/Uniformed/SendAllInfo:Post请求接口成功:;记录时间:2021/6/8 15:18:08;
 InfoLoggername2021-06-08 15:18:12,511 [51] INFO  InfoLogger - /api/Uniformed/SendAllInfo:Post请求接口成功:;记录时间:2021/6/8 15:18:12;
 InfoLoggername2021-06-08 15:18:12,649 [50] INFO  InfoLogger - /api/Uniformed/SendAllInfo:Post请求接口成功:;记录时间:2021/6/8 15:18:12;
 InfoLoggername2021-06-08 15:18:12,665 [43] INFO  InfoLogger - /api/Uniformed/SendAllInfo:Post请求接口成功:;记录时间:2021/6/8 15:18:12;
 InfoLoggername2021-06-08 15:18:12,696 [55] INFO  InfoLogger - /api/Uniformed/SendAllInfo:Post请求接口成功:;记录时间:2021/6/8 15:18:12;
 InfoLoggername2021-06-08 15:18:12,794 [53] INFO  InfoLogger - /api/Uniformed/SendAllInfo:Post请求接口成功:;记录时间:2021/6/8 15:18:12;
 InfoLoggername2021-06-08 15:18:12,971 [52] INFO  InfoLogger - /api/Uniformed/SendAllInfo:Post请求接口成功:;记录时间:2021/6/8 15:18:12;
 InfoLoggername2021-06-08 15:18:13,239 [43] INFO  InfoLogger - /api/Uniformed/SendAllInfo:Post请求接口成功:;记录时间:2021/6/8 15:18:13;
 InfoLoggername2021-06-08 15:18:13,257 [52] INFO  InfoLogger - /api/Uniformed/SendAllInfo:Post请求接口成功:;记录时间:2021/6/8 15:18:13;
 InfoLoggername2021-06-08 15:18:15,313 [51] INFO  InfoLogger - /api/Uniformed/SendAllInfo:Post请求接口成功:;记录时间:2021/6/8 15:18:15;
 InfoLoggername2021-06-08 15:18:22,073 [43] INFO  InfoLogger - /api/Uniformed/SendAllInfo:Post请求接口成功:;记录时间:2021/6/8 15:18:22;
 InfoLoggername2021-06-08 15:18:22,397 [56] INFO  InfoLogger - /api/Uniformed/SendAllInfo:Post请求接口成功:;记录时间:2021/6/8 15:18:22;
 InfoLoggername2021-06-08 15:18:22,668 [43] INFO  InfoLogger - /api/Uniformed/SendAllInfo:Post请求接口成功:;记录时间:2021/6/8 15:18:22;
 InfoLoggername2021-06-08 15:18:23,069 [51] INFO  InfoLogger - /api/Uniformed/SendAllInfo:Post请求接口成功:;记录时间:2021/6/8 15:18:23;
 InfoLoggername2021-06-08 15:18:23,347 [43] INFO  InfoLogger - /api/Uniformed/SendAllInfo:Post请求接口成功:;记录时间:2021/6/8 15:18:23;
 InfoLoggername2021-06-08 15:39:38,793 [46] INFO  InfoLogger - /api/Uniformed/SendAllInfo:Post请求接口成功:;记录时间:2021/6/8 15:39:38;
 InfoLoggername2021-06-08 15:42:30,960 [56] INFO  InfoLogger - /api/Uniformed/SendAllInfo:Post请求接口成功:;记录时间:2021/6/8 15:42:30;
 InfoLoggername2021-06-08 15:42:31,056 [53] INFO  InfoLogger - /api/Uniformed/SendAllInfo:Post请求接口成功:;记录时间:2021/6/8 15:42:31;
 InfoLoggername2021-06-08 15:42:31,124 [62] INFO  InfoLogger - /api/Uniformed/SendAllInfo:Post请求接口成功:;记录时间:2021/6/8 15:42:31;
 InfoLoggername2021-06-08 15:42:31,127 [57] INFO  InfoLogger - /api/Uniformed/SendAllInfo:Post请求接口成功:;记录时间:2021/6/8 15:42:31;
 InfoLoggername2021-06-08 15:42:31,160 [61] INFO  InfoLogger - /api/Uniformed/SendAllInfo:Post请求接口成功:;记录时间:2021/6/8 15:42:31;
 InfoLoggername2021-06-08 15:42:31,373 [60] INFO  InfoLogger - /api/Uniformed/SendAllInfo:Post请求接口成功:;记录时间:2021/6/8 15:42:31;
 InfoLoggername2021-06-08 15:42:31,587 [62] INFO  InfoLogger - /api/Uniformed/SendAllInfo:Post请求接口成功:;记录时间:2021/6/8 15:42:31;
 InfoLoggername2021-06-08 15:42:31,608 [60] INFO  InfoLogger - /api/Uniformed/SendAllInfo:Post请求接口成功:;记录时间:2021/6/8 15:42:31;
 InfoLoggername2021-06-08 15:42:33,743 [56] INFO  InfoLogger - /api/Uniformed/SendAllInfo:Post请求接口成功:;记录时间:2021/6/8 15:42:33;
 InfoLoggername2021-06-08 15:44:50,849 [78] INFO  InfoLogger - /api/Uniformed/SendAllInfo:Post请求接口成功:;记录时间:2021/6/8 15:44:50;
 InfoLoggername2021-06-08 15:44:50,936 [77] INFO  InfoLogger - /api/Uniformed/SendAllInfo:Post请求接口成功:;记录时间:2021/6/8 15:44:50;
 InfoLoggername2021-06-08 15:44:50,952 [70] INFO  InfoLogger - /api/Uniformed/SendAllInfo:Post请求接口成功:;记录时间:2021/6/8 15:44:50;
 InfoLoggername2021-06-08 15:44:50,970 [71] INFO  InfoLogger - /api/Uniformed/SendAllInfo:Post请求接口成功:;记录时间:2021/6/8 15:44:50;
 InfoLoggername2021-06-08 15:44:51,013 [75] INFO  InfoLogger - /api/Uniformed/SendAllInfo:Post请求接口成功:;记录时间:2021/6/8 15:44:51;
 InfoLoggername2021-06-08 15:44:51,076 [78] INFO  InfoLogger - /api/Uniformed/SendAllInfo:Post请求接口成功:;记录时间:2021/6/8 15:44:51;
 InfoLoggername2021-06-08 15:44:51,111 [79] INFO  InfoLogger - /api/Uniformed/SendAllInfo:Post请求接口成功:;记录时间:2021/6/8 15:44:51;
 InfoLoggername2021-06-08 15:47:45,852 [56] INFO  InfoLogger - /api/Uniformed/SendAllInfo:Post请求接口成功:;记录时间:2021/6/8 15:47:45;
 InfoLoggername2021-06-08 15:47:46,056 [92] INFO  InfoLogger - /api/Uniformed/SendAllInfo:Post请求接口成功:;记录时间:2021/6/8 15:47:46;
 InfoLoggername2021-06-08 15:47:46,068 [91] INFO  InfoLogger - /api/Uniformed/SendAllInfo:Post请求接口成功:;记录时间:2021/6/8 15:47:46;
 InfoLoggername2021-06-08 15:47:46,077 [94] INFO  InfoLogger - /api/Uniformed/SendAllInfo:Post请求接口成功:;记录时间:2021/6/8 15:47:46;
 InfoLoggername2021-06-08 15:47:46,082 [100] INFO  InfoLogger - /api/Uniformed/SendAllInfo:Post请求接口成功:;记录时间:2021/6/8 15:47:46;
 InfoLoggername2021-06-08 15:47:46,102 [88] INFO  InfoLogger - /api/Uniformed/SendAllInfo:Post请求接口成功:;记录时间:2021/6/8 15:47:46;
 InfoLoggername2021-06-08 15:47:48,241 [56] INFO  InfoLogger - /api/Uniformed/SendAllInfo:Post请求接口成功:;记录时间:2021/6/8 15:47:48;
 InfoLoggername2021-06-08 15:48:20,175 [101] INFO  InfoLogger - /api/Uniformed/SendAllInfo:Post请求接口成功:;记录时间:2021/6/8 15:48:20;
 InfoLoggername2021-06-08 15:48:20,190 [56] INFO  InfoLogger - /api/Uniformed/SendAllInfo:Post请求接口成功:;记录时间:2021/6/8 15:48:20;
 InfoLoggername2021-06-08 15:48:20,221 [96] INFO  InfoLogger - /api/Uniformed/SendAllInfo:Post请求接口成功:;记录时间:2021/6/8 15:48:20;
 InfoLoggername2021-06-08 15:48:20,226 [88] INFO  InfoLogger - /api/Uniformed/SendAllInfo:Post请求接口成功:;记录时间:2021/6/8 15:48:20;
 InfoLoggername2021-06-08 15:48:20,242 [84] INFO  InfoLogger - /api/Uniformed/SendAllInfo:Post请求接口成功:;记录时间:2021/6/8 15:48:20;
 InfoLoggername2021-06-08 15:48:20,286 [98] INFO  InfoLogger - /api/Uniformed/SendAllInfo:Post请求接口成功:;记录时间:2021/6/8 15:48:20;
 InfoLoggername2021-06-08 15:48:20,381 [101] INFO  InfoLogger - /api/Uniformed/SendAllInfo:Post请求接口成功:;记录时间:2021/6/8 15:48:20;
 InfoLoggername2021-06-08 15:48:22,507 [98] INFO  InfoLogger - /api/Uniformed/SendAllInfo:Post请求接口成功:;记录时间:2021/6/8 15:48:22;
 InfoLoggername2021-06-08 15:48:22,539 [56] INFO  InfoLogger - /api/Uniformed/SendAllInfo:Post请求接口成功:;记录时间:2021/6/8 15:48:22;
 InfoLoggername2021-06-08 15:48:22,554 [88] INFO  InfoLogger - /api/Uniformed/SendAllInfo:Post请求接口成功:;记录时间:2021/6/8 15:48:22;
 InfoLoggername2021-06-08 15:48:22,566 [84] INFO  InfoLogger - /api/Uniformed/SendAllInfo:Post请求接口成功:;记录时间:2021/6/8 15:48:22;
 InfoLoggername2021-06-08 15:48:22,578 [85] INFO  InfoLogger - /api/Uniformed/SendAllInfo:Post请求接口成功:;记录时间:2021/6/8 15:48:22;
 InfoLoggername2021-06-08 15:48:23,645 [101] INFO  InfoLogger - /api/Uniformed/SendAllInfo:Post请求接口成功:;记录时间:2021/6/8 15:48:23;
 InfoLoggername2021-06-08 16:07:43,674 [149] INFO  InfoLogger - /api/Uniformed/SendAllInfo:Post请求接口成功:;记录时间:2021/6/8 16:07:43;
 InfoLoggername2021-06-08 16:07:43,699 [148] INFO  InfoLogger - /api/Uniformed/SendAllInfo:Post请求接口成功:;记录时间:2021/6/8 16:07:43;
 InfoLoggername2021-06-08 16:07:43,756 [150] INFO  InfoLogger - /api/Uniformed/SendAllInfo:Post请求接口成功:;记录时间:2021/6/8 16:07:43;
 InfoLoggername2021-06-08 16:07:43,806 [147] INFO  InfoLogger - /api/Uniformed/SendAllInfo:Post请求接口成功:;记录时间:2021/6/8 16:07:43;
 InfoLoggername2021-06-08 16:07:43,844 [152] INFO  InfoLogger - /api/Uniformed/SendAllInfo:Post请求接口成功:;记录时间:2021/6/8 16:07:43;
 InfoLoggername2021-06-08 16:07:44,081 [151] INFO  InfoLogger - /api/Uniformed/SendAllInfo:Post请求接口成功:;记录时间:2021/6/8 16:07:44;
 InfoLoggername2021-06-08 16:07:44,119 [152] INFO  InfoLogger - /api/Uniformed/SendAllInfo:Post请求接口成功:;记录时间:2021/6/8 16:07:44;
 InfoLoggername2021-06-08 16:07:44,130 [148] INFO  InfoLogger - /api/Uniformed/SendAllInfo:Post请求接口成功:;记录时间:2021/6/8 16:07:44;
 InfoLoggername2021-06-08 16:07:46,811 [149] INFO  InfoLogger - /api/Uniformed/SendAllInfo:Post请求接口成功:;记录时间:2021/6/8 16:07:46;
 InfoLoggername2021-06-08 16:07:51,868 [149] INFO  InfoLogger - /api/Uniformed/SendAllInfo:Post请求接口成功:;记录时间:2021/6/8 16:07:51;
 InfoLoggername2021-06-08 16:07:51,941 [147] INFO  InfoLogger - /api/Uniformed/SendAllInfo:Post请求接口成功:;记录时间:2021/6/8 16:07:51;
 InfoLoggername2021-06-08 16:07:51,968 [150] INFO  InfoLogger - /api/Uniformed/SendAllInfo:Post请求接口成功:;记录时间:2021/6/8 16:07:51;
 InfoLoggername2021-06-08 16:07:52,029 [153] INFO  InfoLogger - /api/Uniformed/SendAllInfo:Post请求接口成功:;记录时间:2021/6/8 16:07:52;
 InfoLoggername2021-06-08 16:07:52,045 [151] INFO  InfoLogger - /api/Uniformed/SendAllInfo:Post请求接口成功:;记录时间:2021/6/8 16:07:52;
 InfoLoggername2021-06-08 16:07:52,181 [145] INFO  InfoLogger - /api/Uniformed/SendAllInfo:Post请求接口成功:;记录时间:2021/6/8 16:07:52;
 InfoLoggername2021-06-08 16:07:52,272 [153] INFO  InfoLogger - /api/Uniformed/SendAllInfo:Post请求接口成功:;记录时间:2021/6/8 16:07:52;
 InfoLoggername2021-06-08 16:07:52,287 [151] INFO  InfoLogger - /api/Uniformed/SendAllInfo:Post请求接口成功:;记录时间:2021/6/8 16:07:52;
 InfoLoggername2021-06-08 16:07:53,340 [149] INFO  InfoLogger - /api/Uniformed/SendAllInfo:Post请求接口成功:;记录时间:2021/6/8 16:07:53;
 InfoLoggername2021-06-08 16:08:30,452 [152] INFO  InfoLogger - /api/Uniformed/SendAllInfo:Post请求接口成功:;记录时间:2021/6/8 16:08:30;
 InfoLoggername2021-06-08 16:08:30,481 [148] INFO  InfoLogger - /api/Uniformed/SendAllInfo:Post请求接口成功:;记录时间:2021/6/8 16:08:30;
 InfoLoggername2021-06-08 16:08:30,517 [147] INFO  InfoLogger - /api/Uniformed/SendAllInfo:Post请求接口成功:;记录时间:2021/6/8 16:08:30;
 InfoLoggername2021-06-08 16:08:30,560 [142] INFO  InfoLogger - /api/Uniformed/SendAllInfo:Post请求接口成功:;记录时间:2021/6/8 16:08:30;
 InfoLoggername2021-06-08 16:08:30,583 [137] INFO  InfoLogger - /api/Uniformed/SendAllInfo:Post请求接口成功:;记录时间:2021/6/8 16:08:30;
 InfoLoggername2021-06-08 16:08:30,638 [126] INFO  InfoLogger - /api/Uniformed/SendAllInfo:Post请求接口成功:;记录时间:2021/6/8 16:08:30;
 InfoLoggername2021-06-08 16:08:30,767 [142] INFO  InfoLogger - /api/Uniformed/SendAllInfo:Post请求接口成功:;记录时间:2021/6/8 16:08:30;
 InfoLoggername2021-06-08 16:08:30,801 [137] INFO  InfoLogger - /api/Uniformed/SendAllInfo:Post请求接口成功:;记录时间:2021/6/8 16:08:30;
 InfoLoggername2021-06-08 16:08:33,082 [152] INFO  InfoLogger - /api/Uniformed/SendAllInfo:Post请求接口成功:;记录时间:2021/6/8 16:08:33;
 InfoLoggername2021-06-08 16:08:34,168 [152] INFO  InfoLogger - /api/Uniformed/SendAllInfo:Post请求接口成功:;记录时间:2021/6/8 16:08:34;
 InfoLoggername2021-06-08 16:08:34,193 [148] INFO  InfoLogger - /api/Uniformed/SendAllInfo:Post请求接口成功:;记录时间:2021/6/8 16:08:34;
 InfoLoggername2021-06-08 16:08:34,266 [147] INFO  InfoLogger - /api/Uniformed/SendAllInfo:Post请求接口成功:;记录时间:2021/6/8 16:08:34;
 InfoLoggername2021-06-08 16:08:34,267 [132] INFO  InfoLogger - /api/Uniformed/SendAllInfo:Post请求接口成功:;记录时间:2021/6/8 16:08:34;
 InfoLoggername2021-06-08 16:08:34,310 [142] INFO  InfoLogger - /api/Uniformed/SendAllInfo:Post请求接口成功:;记录时间:2021/6/8 16:08:34;
 InfoLoggername2021-06-08 16:08:34,529 [147] INFO  InfoLogger - /api/Uniformed/SendAllInfo:Post请求接口成功:;记录时间:2021/6/8 16:08:34;
 InfoLoggername2021-06-08 16:08:34,574 [142] INFO  InfoLogger - /api/Uniformed/SendAllInfo:Post请求接口成功:;记录时间:2021/6/8 16:08:34;
 InfoLoggername2021-06-08 16:08:37,170 [139] INFO  InfoLogger - /api/Uniformed/SendAllInfo:Post请求接口成功:;记录时间:2021/6/8 16:08:37;
 InfoLoggername2021-06-08 16:09:50,960 [148] INFO  InfoLogger - /api/Uniformed/SendAllInfo:Post请求接口成功:;记录时间:2021/6/8 16:09:50;
 InfoLoggername2021-06-08 16:09:51,004 [152] INFO  InfoLogger - /api/Uniformed/SendAllInfo:Post请求接口成功:;记录时间:2021/6/8 16:09:51;
 InfoLoggername2021-06-08 16:09:51,092 [128] INFO  InfoLogger - /api/Uniformed/SendAllInfo:Post请求接口成功:;记录时间:2021/6/8 16:09:51;
 InfoLoggername2021-06-08 16:09:51,100 [147] INFO  InfoLogger - /api/Uniformed/SendAllInfo:Post请求接口成功:;记录时间:2021/6/8 16:09:51;
 InfoLoggername2021-06-08 16:09:51,105 [117] INFO  InfoLogger - /api/Uniformed/SendAllInfo:Post请求接口成功:;记录时间:2021/6/8 16:09:51;
 InfoLoggername2021-06-08 16:09:51,107 [118] INFO  InfoLogger - /api/Uniformed/SendAllInfo:Post请求接口成功:;记录时间:2021/6/8 16:09:51;
 InfoLoggername2021-06-08 16:09:51,308 [147] INFO  InfoLogger - /api/Uniformed/SendAllInfo:Post请求接口成功:;记录时间:2021/6/8 16:09:51;
 InfoLoggername2021-06-08 16:09:51,333 [117] INFO  InfoLogger - /api/Uniformed/SendAllInfo:Post请求接口成功:;记录时间:2021/6/8 16:09:51;
 InfoLoggername2021-06-08 16:09:52,438 [148] INFO  InfoLogger - /api/Uniformed/SendAllInfo:Post请求接口成功:;记录时间:2021/6/8 16:09:52;
 InfoLoggername2021-06-08 16:09:57,663 [124] INFO  InfoLogger - /api/Uniformed/SendAllInfo:Post请求接口成功:;记录时间:2021/6/8 16:09:57;
 InfoLoggername2021-06-08 16:09:57,684 [147] INFO  InfoLogger - /api/Uniformed/SendAllInfo:Post请求接口成功:;记录时间:2021/6/8 16:09:57;
 InfoLoggername2021-06-08 16:09:57,723 [128] INFO  InfoLogger - /api/Uniformed/SendAllInfo:Post请求接口成功:;记录时间:2021/6/8 16:09:57;
 InfoLoggername2021-06-08 16:09:57,754 [152] INFO  InfoLogger - /api/Uniformed/SendAllInfo:Post请求接口成功:;记录时间:2021/6/8 16:09:57;
 InfoLoggername2021-06-08 16:09:57,759 [118] INFO  InfoLogger - /api/Uniformed/SendAllInfo:Post请求接口成功:;记录时间:2021/6/8 16:09:57;
 InfoLoggername2021-06-08 16:09:57,812 [120] INFO  InfoLogger - /api/Uniformed/SendAllInfo:Post请求接口成功:;记录时间:2021/6/8 16:09:57;
 InfoLoggername2021-06-08 16:09:57,992 [118] INFO  InfoLogger - /api/Uniformed/SendAllInfo:Post请求接口成功:;记录时间:2021/6/8 16:09:57;
 InfoLoggername2021-06-08 16:09:57,996 [152] INFO  InfoLogger - /api/Uniformed/SendAllInfo:Post请求接口成功:;记录时间:2021/6/8 16:09:57;
 InfoLoggername2021-06-08 16:09:59,176 [124] INFO  InfoLogger - /api/Uniformed/SendAllInfo:Post请求接口成功:;记录时间:2021/6/8 16:09:59;
 InfoLoggername2021-06-08 16:12:38,785 [52] INFO  InfoLogger - /api/Uniformed/SendAllInfo:Post请求接口成功:;记录时间:2021/6/8 16:12:38;
 InfoLoggername2021-06-08 16:12:38,785 [55] INFO  InfoLogger - /api/Uniformed/SendAllInfo:Post请求接口成功:;记录时间:2021/6/8 16:12:38;
 InfoLoggername2021-06-08 16:12:38,785 [50] INFO  InfoLogger - /api/Uniformed/SendAllInfo:Post请求接口成功:;记录时间:2021/6/8 16:12:38;
 InfoLoggername2021-06-08 16:12:38,785 [56] INFO  InfoLogger - /api/Uniformed/SendAllInfo:Post请求接口成功:;记录时间:2021/6/8 16:12:38;
 InfoLoggername2021-06-08 16:12:38,785 [6] INFO  InfoLogger - /api/Uniformed/SendAllInfo:Post请求接口成功:;记录时间:2021/6/8 16:12:38;
 InfoLoggername2021-06-08 16:12:38,785 [54] INFO  InfoLogger - /api/Uniformed/SendAllInfo:Post请求接口成功:;记录时间:2021/6/8 16:12:38;
 InfoLoggername2021-06-08 16:12:39,065 [52] INFO  InfoLogger - /api/Uniformed/SendAllInfo:Post请求接口成功:;记录时间:2021/6/8 16:12:39;
 InfoLoggername2021-06-08 16:12:39,076 [54] INFO  InfoLogger - /api/Uniformed/SendAllInfo:Post请求接口成功:;记录时间:2021/6/8 16:12:39;
 InfoLoggername2021-06-08 16:12:41,549 [6] INFO  InfoLogger - /api/Uniformed/SendAllInfo:Post请求接口成功:;记录时间:2021/6/8 16:12:41;
 InfoLoggername2021-06-08 16:15:08,228 [64] INFO  InfoLogger - /api/Uniformed/SendAllInfo:Post请求接口成功:;记录时间:2021/6/8 16:15:08;
 InfoLoggername2021-06-08 16:15:08,270 [65] INFO  InfoLogger - /api/Uniformed/SendAllInfo:Post请求接口成功:;记录时间:2021/6/8 16:15:08;
 InfoLoggername2021-06-08 16:15:08,295 [6] INFO  InfoLogger - /api/Uniformed/SendAllInfo:Post请求接口成功:;记录时间:2021/6/8 16:15:08;
 InfoLoggername2021-06-08 16:15:08,317 [72] INFO  InfoLogger - /api/Uniformed/SendAllInfo:Post请求接口成功:;记录时间:2021/6/8 16:15:08;
 InfoLoggername2021-06-08 16:15:08,358 [75] INFO  InfoLogger - /api/Uniformed/SendAllInfo:Post请求接口成功:;记录时间:2021/6/8 16:15:08;
 InfoLoggername2021-06-08 16:15:08,396 [70] INFO  InfoLogger - /api/Uniformed/SendAllInfo:Post请求接口成功:;记录时间:2021/6/8 16:15:08;
 InfoLoggername2021-06-08 16:15:08,529 [72] INFO  InfoLogger - /api/Uniformed/SendAllInfo:Post请求接口成功:;记录时间:2021/6/8 16:15:08;
 InfoLoggername2021-06-08 16:15:08,559 [6] INFO  InfoLogger - /api/Uniformed/SendAllInfo:Post请求接口成功:;记录时间:2021/6/8 16:15:08;
 InfoLoggername2021-06-08 16:15:10,409 [75] INFO  InfoLogger - /api/Uniformed/SendAllInfo:Post请求接口成功:;记录时间:2021/6/8 16:15:10;
 InfoLoggername2021-06-08 16:15:10,595 [72] INFO  InfoLogger - /api/Uniformed/SendAllInfo:Post请求接口成功:;记录时间:2021/6/8 16:15:10;
 InfoLoggername2021-06-08 16:15:10,610 [77] INFO  InfoLogger - /api/Uniformed/SendAllInfo:Post请求接口成功:;记录时间:2021/6/8 16:15:10;
 InfoLoggername2021-06-08 16:15:10,638 [65] INFO  InfoLogger - /api/Uniformed/SendAllInfo:Post请求接口成功:;记录时间:2021/6/8 16:15:10;
 InfoLoggername2021-06-08 16:15:10,682 [64] INFO  InfoLogger - /api/Uniformed/SendAllInfo:Post请求接口成功:;记录时间:2021/6/8 16:15:10;
 InfoLoggername2021-06-08 16:15:10,701 [79] INFO  InfoLogger - /api/Uniformed/SendAllInfo:Post请求接口成功:;记录时间:2021/6/8 16:15:10;
 InfoLoggername2021-06-08 16:15:10,887 [65] INFO  InfoLogger - /api/Uniformed/SendAllInfo:Post请求接口成功:;记录时间:2021/6/8 16:15:10;
 InfoLoggername2021-06-08 16:15:10,924 [64] INFO  InfoLogger - /api/Uniformed/SendAllInfo:Post请求接口成功:;记录时间:2021/6/8 16:15:10;
 InfoLoggername2021-06-08 16:15:13,613 [6] INFO  InfoLogger - /api/Uniformed/SendAllInfo:Post请求接口成功:;记录时间:2021/6/8 16:15:13;
 InfoLoggername2021-06-08 16:17:57,468 [6] INFO  InfoLogger - /api/Uniformed/SendAllInfo:Post请求接口成功:;记录时间:2021/6/8 16:17:57;
 InfoLoggername2021-06-08 16:17:57,527 [90] INFO  InfoLogger - /api/Uniformed/SendAllInfo:Post请求接口成功:;记录时间:2021/6/8 16:17:57;
 InfoLoggername2021-06-08 16:17:57,589 [93] INFO  InfoLogger - /api/Uniformed/SendAllInfo:Post请求接口成功:;记录时间:2021/6/8 16:17:57;
 InfoLoggername2021-06-08 16:17:57,663 [95] INFO  InfoLogger - /api/Uniformed/SendAllInfo:Post请求接口成功:;记录时间:2021/6/8 16:17:57;
 InfoLoggername2021-06-08 16:17:57,665 [98] INFO  InfoLogger - /api/Uniformed/SendAllInfo:Post请求接口成功:;记录时间:2021/6/8 16:17:57;
 InfoLoggername2021-06-08 16:17:57,699 [94] INFO  InfoLogger - /api/Uniformed/SendAllInfo:Post请求接口成功:;记录时间:2021/6/8 16:17:57;
 InfoLoggername2021-06-08 16:17:57,925 [98] INFO  InfoLogger - /api/Uniformed/SendAllInfo:Post请求接口成功:;记录时间:2021/6/8 16:17:57;
 InfoLoggername2021-06-08 16:17:57,931 [95] INFO  InfoLogger - /api/Uniformed/SendAllInfo:Post请求接口成功:;记录时间:2021/6/8 16:17:57;
 InfoLoggername2021-06-08 16:17:59,585 [6] INFO  InfoLogger - /api/Uniformed/SendAllInfo:Post请求接口成功:;记录时间:2021/6/8 16:17:59;
 InfoLoggername2021-06-08 16:18:14,105 [6] INFO  InfoLogger - /api/Uniformed/SendAllInfo:Post请求接口成功:;记录时间:2021/6/8 16:18:14;
 InfoLoggername2021-06-08 16:20:00,577 [6] INFO  InfoLogger - /api/Uniformed/SendAllInfo:Post请求接口成功:;记录时间:2021/6/8 16:20:00;
 InfoLoggername2021-06-08 16:20:00,652 [109] INFO  InfoLogger - /api/Uniformed/SendAllInfo:Post请求接口成功:;记录时间:2021/6/8 16:20:00;
 InfoLoggername2021-06-08 16:20:00,694 [112] INFO  InfoLogger - /api/Uniformed/SendAllInfo:Post请求接口成功:;记录时间:2021/6/8 16:20:00;
 InfoLoggername2021-06-08 16:20:00,727 [108] INFO  InfoLogger - /api/Uniformed/SendAllInfo:Post请求接口成功:;记录时间:2021/6/8 16:20:00;
 InfoLoggername2021-06-08 16:20:00,727 [111] INFO  InfoLogger - /api/Uniformed/SendAllInfo:Post请求接口成功:;记录时间:2021/6/8 16:20:00;
 InfoLoggername2021-06-08 16:20:00,738 [114] INFO  InfoLogger - /api/Uniformed/SendAllInfo:Post请求接口成功:;记录时间:2021/6/8 16:20:00;
 InfoLoggername2021-06-08 16:20:00,960 [114] INFO  InfoLogger - /api/Uniformed/SendAllInfo:Post请求接口成功:;记录时间:2021/6/8 16:20:00;
 InfoLoggername2021-06-08 16:20:00,960 [111] INFO  InfoLogger - /api/Uniformed/SendAllInfo:Post请求接口成功:;记录时间:2021/6/8 16:20:00;
 InfoLoggername2021-06-08 16:20:01,950 [6] INFO  InfoLogger - /api/Uniformed/SendAllInfo:Post请求接口成功:;记录时间:2021/6/8 16:20:01;
 InfoLoggername2021-06-08 16:21:50,299 [120] INFO  InfoLogger - /api/Uniformed/SendAllInfo:Post请求接口成功:;记录时间:2021/6/8 16:21:50;
 InfoLoggername2021-06-08 16:21:50,360 [119] INFO  InfoLogger - /api/Uniformed/SendAllInfo:Post请求接口成功:;记录时间:2021/6/8 16:21:50;
 InfoLoggername2021-06-08 16:21:50,432 [129] INFO  InfoLogger - /api/Uniformed/SendAllInfo:Post请求接口成功:;记录时间:2021/6/8 16:21:50;
 InfoLoggername2021-06-08 16:21:50,438 [123] INFO  InfoLogger - /api/Uniformed/SendAllInfo:Post请求接口成功:;记录时间:2021/6/8 16:21:50;
 InfoLoggername2021-06-08 16:21:50,444 [128] INFO  InfoLogger - /api/Uniformed/SendAllInfo:Post请求接口成功:;记录时间:2021/6/8 16:21:50;
 InfoLoggername2021-06-08 16:21:50,446 [130] INFO  InfoLogger - /api/Uniformed/SendAllInfo:Post请求接口成功:;记录时间:2021/6/8 16:21:50;
 InfoLoggername2021-06-08 16:21:50,668 [128] INFO  InfoLogger - /api/Uniformed/SendAllInfo:Post请求接口成功:;记录时间:2021/6/8 16:21:50;
 InfoLoggername2021-06-08 16:21:50,681 [130] INFO  InfoLogger - /api/Uniformed/SendAllInfo:Post请求接口成功:;记录时间:2021/6/8 16:21:50;
 InfoLoggername2021-06-08 16:21:51,780 [120] INFO  InfoLogger - /api/Uniformed/SendAllInfo:Post请求接口成功:;记录时间:2021/6/8 16:21:51;
 InfoLoggername2021-06-08 16:24:05,465 [140] INFO  InfoLogger - /api/Uniformed/SendAllInfo:Post请求接口成功:;记录时间:2021/6/8 16:24:05;
 InfoLoggername2021-06-08 16:24:05,508 [137] INFO  InfoLogger - /api/Uniformed/SendAllInfo:Post请求接口成功:;记录时间:2021/6/8 16:24:05;
 InfoLoggername2021-06-08 16:24:05,549 [136] INFO  InfoLogger - /api/Uniformed/SendAllInfo:Post请求接口成功:;记录时间:2021/6/8 16:24:05;
 InfoLoggername2021-06-08 16:24:05,562 [120] INFO  InfoLogger - /api/Uniformed/SendAllInfo:Post请求接口成功:;记录时间:2021/6/8 16:24:05;
 InfoLoggername2021-06-08 16:24:05,576 [134] INFO  InfoLogger - /api/Uniformed/SendAllInfo:Post请求接口成功:;记录时间:2021/6/8 16:24:05;
 InfoLoggername2021-06-08 16:24:05,628 [135] INFO  InfoLogger - /api/Uniformed/SendAllInfo:Post请求接口成功:;记录时间:2021/6/8 16:24:05;
 InfoLoggername2021-06-08 16:24:05,772 [136] INFO  InfoLogger - /api/Uniformed/SendAllInfo:Post请求接口成功:;记录时间:2021/6/8 16:24:05;
 InfoLoggername2021-06-08 16:24:05,812 [120] INFO  InfoLogger - /api/Uniformed/SendAllInfo:Post请求接口成功:;记录时间:2021/6/8 16:24:05;
 InfoLoggername2021-06-08 16:24:06,943 [140] INFO  InfoLogger - /api/Uniformed/SendAllInfo:Post请求接口成功:;记录时间:2021/6/8 16:24:06;
 InfoLoggername2021-06-08 16:25:11,961 [120] INFO  InfoLogger - /api/Uniformed/SendAllInfo:Post请求接口成功:;记录时间:2021/6/8 16:25:11;
 InfoLoggername2021-06-08 16:25:12,014 [131] INFO  InfoLogger - /api/Uniformed/SendAllInfo:Post请求接口成功:;记录时间:2021/6/8 16:25:12;
 InfoLoggername2021-06-08 16:25:12,030 [129] INFO  InfoLogger - /api/Uniformed/SendAllInfo:Post请求接口成功:;记录时间:2021/6/8 16:25:12;
 InfoLoggername2021-06-08 16:25:12,061 [124] INFO  InfoLogger - /api/Uniformed/SendAllInfo:Post请求接口成功:;记录时间:2021/6/8 16:25:12;
 InfoLoggername2021-06-08 16:25:12,068 [122] INFO  InfoLogger - /api/Uniformed/SendAllInfo:Post请求接口成功:;记录时间:2021/6/8 16:25:12;
 InfoLoggername2021-06-08 16:25:12,137 [135] INFO  InfoLogger - /api/Uniformed/SendAllInfo:Post请求接口成功:;记录时间:2021/6/8 16:25:12;
 InfoLoggername2021-06-08 16:25:12,363 [124] INFO  InfoLogger - /api/Uniformed/SendAllInfo:Post请求接口成功:;记录时间:2021/6/8 16:25:12;
 InfoLoggername2021-06-08 16:25:12,365 [134] INFO  InfoLogger - /api/Uniformed/SendAllInfo:Post请求接口成功:;记录时间:2021/6/8 16:25:12;
 InfoLoggername2021-06-08 16:25:13,937 [135] INFO  InfoLogger - /api/Uniformed/SendAllInfo:Post请求接口成功:;记录时间:2021/6/8 16:25:13;
 InfoLoggername2021-06-08 16:49:23,123 [88] INFO  InfoLogger - /api/Uniformed/SendAllInfo:Post请求接口成功:;记录时间:2021/6/8 16:49:23;
 InfoLoggername2021-06-08 16:49:23,323 [82] INFO  InfoLogger - /api/Uniformed/SendAllInfo:Post请求接口成功:;记录时间:2021/6/8 16:49:23;
 InfoLoggername2021-06-08 16:49:23,508 [81] INFO  InfoLogger - /api/Uniformed/SendAllInfo:Post请求接口成功:;记录时间:2021/6/8 16:49:23;
 InfoLoggername2021-06-08 16:49:23,537 [76] INFO  InfoLogger - /api/Uniformed/SendAllInfo:Post请求接口成功:;记录时间:2021/6/8 16:49:23;
 InfoLoggername2021-06-08 16:49:23,558 [71] INFO  InfoLogger - /api/Uniformed/SendAllInfo:Post请求接口成功:;记录时间:2021/6/8 16:49:23;
 InfoLoggername2021-06-08 16:49:23,668 [78] INFO  InfoLogger - /api/Uniformed/SendAllInfo:Post请求接口成功:;记录时间:2021/6/8 16:49:23;
 InfoLoggername2021-06-08 16:49:23,980 [74] INFO  InfoLogger - /api/Uniformed/SendAllInfo:Post请求接口成功:;记录时间:2021/6/8 16:49:23;
 InfoLoggername2021-06-08 16:49:23,989 [81] INFO  InfoLogger - /api/Uniformed/SendAllInfo:Post请求接口成功:;记录时间:2021/6/8 16:49:23;
 InfoLoggername2021-06-08 16:49:26,265 [88] INFO  InfoLogger - /api/Uniformed/SendAllInfo:Post请求接口成功:;记录时间:2021/6/8 16:49:26;
 InfoLoggername2021-06-08 16:50:59,125 [59] INFO  InfoLogger - /api/Uniformed/SendAllInfo:Post请求接口成功:;记录时间:2021/6/8 16:50:59;
 InfoLoggername2021-06-08 16:50:59,209 [60] INFO  InfoLogger - /api/Uniformed/SendAllInfo:Post请求接口成功:;记录时间:2021/6/8 16:50:59;
 InfoLoggername2021-06-08 16:50:59,225 [81] INFO  InfoLogger - /api/Uniformed/SendAllInfo:Post请求接口成功:;记录时间:2021/6/8 16:50:59;
 InfoLoggername2021-06-08 16:50:59,230 [64] INFO  InfoLogger - /api/Uniformed/SendAllInfo:Post请求接口成功:;记录时间:2021/6/8 16:50:59;
 InfoLoggername2021-06-08 16:50:59,382 [56] INFO  InfoLogger - /api/Uniformed/SendAllInfo:Post请求接口成功:;记录时间:2021/6/8 16:50:59;
 InfoLoggername2021-06-08 16:50:59,384 [53] INFO  InfoLogger - /api/Uniformed/SendAllInfo:Post请求接口成功:;记录时间:2021/6/8 16:50:59;
 InfoLoggername2021-06-08 16:50:59,460 [81] INFO  InfoLogger - /api/Uniformed/SendAllInfo:Post请求接口成功:;记录时间:2021/6/8 16:50:59;
 InfoLoggername2021-06-08 16:50:59,496 [64] INFO  InfoLogger - /api/Uniformed/SendAllInfo:Post请求接口成功:;记录时间:2021/6/8 16:50:59;
 InfoLoggername2021-06-08 16:51:00,547 [59] INFO  InfoLogger - /api/Uniformed/SendAllInfo:Post请求接口成功:;记录时间:2021/6/8 16:51:00;
 InfoLoggername2021-06-08 16:51:06,794 [63] INFO  InfoLogger - /api/Uniformed/SendAllInfo:Post请求接口成功:;记录时间:2021/6/8 16:51:06;
 InfoLoggername2021-06-08 16:51:06,925 [50] INFO  InfoLogger - /api/Uniformed/SendAllInfo:Post请求接口成功:;记录时间:2021/6/8 16:51:06;
 InfoLoggername2021-06-08 16:51:06,956 [60] INFO  InfoLogger - /api/Uniformed/SendAllInfo:Post请求接口成功:;记录时间:2021/6/8 16:51:06;
 InfoLoggername2021-06-08 16:51:06,958 [53] INFO  InfoLogger - /api/Uniformed/SendAllInfo:Post请求接口成功:;记录时间:2021/6/8 16:51:06;
 InfoLoggername2021-06-08 16:51:06,980 [81] INFO  InfoLogger - /api/Uniformed/SendAllInfo:Post请求接口成功:;记录时间:2021/6/8 16:51:06;
 InfoLoggername2021-06-08 16:51:06,980 [51] INFO  InfoLogger - /api/Uniformed/SendAllInfo:Post请求接口成功:;记录时间:2021/6/8 16:51:06;
 InfoLoggername2021-06-08 16:51:07,341 [51] INFO  InfoLogger - /api/Uniformed/SendAllInfo:Post请求接口成功:;记录时间:2021/6/8 16:51:07;
 InfoLoggername2021-06-08 16:51:07,342 [81] INFO  InfoLogger - /api/Uniformed/SendAllInfo:Post请求接口成功:;记录时间:2021/6/8 16:51:07;
 InfoLoggername2021-06-08 16:51:08,302 [63] INFO  InfoLogger - /api/Uniformed/SendAllInfo:Post请求接口成功:;记录时间:2021/6/8 16:51:08;
 InfoLoggername2021-06-08 16:54:18,667 [46] INFO  InfoLogger - /api/Uniformed/SendAllInfo:Post请求接口成功:;记录时间:2021/6/8 16:54:18;
 InfoLoggername2021-06-08 16:54:18,744 [9] INFO  InfoLogger - /api/Uniformed/SendAllInfo:Post请求接口成功:;记录时间:2021/6/8 16:54:18;
 InfoLoggername2021-06-08 16:54:18,783 [47] INFO  InfoLogger - /api/Uniformed/SendAllInfo:Post请求接口成功:;记录时间:2021/6/8 16:54:18;
 InfoLoggername2021-06-08 16:54:18,803 [150] INFO  InfoLogger - /api/Uniformed/SendAllInfo:Post请求接口成功:;记录时间:2021/6/8 16:54:18;
 InfoLoggername2021-06-08 16:54:18,815 [13] INFO  InfoLogger - /api/Uniformed/SendAllInfo:Post请求接口成功:;记录时间:2021/6/8 16:54:18;
 InfoLoggername2021-06-08 16:54:18,869 [6] INFO  InfoLogger - /api/Uniformed/SendAllInfo:Post请求接口成功:;记录时间:2021/6/8 16:54:18;
 InfoLoggername2021-06-08 16:54:19,197 [6] INFO  InfoLogger - /api/Uniformed/SendAllInfo:Post请求接口成功:;记录时间:2021/6/8 16:54:19;
 InfoLoggername2021-06-08 16:54:19,211 [9] INFO  InfoLogger - /api/Uniformed/SendAllInfo:Post请求接口成功:;记录时间:2021/6/8 16:54:19;
 InfoLoggername2021-06-08 16:54:20,102 [46] INFO  InfoLogger - /api/Uniformed/SendAllInfo:Post请求接口成功:;记录时间:2021/6/8 16:54:20;
 InfoLoggername2021-06-08 16:54:25,357 [47] INFO  InfoLogger - /api/Uniformed/SendAllInfo:Post请求接口成功:;记录时间:2021/6/8 16:54:25;
 InfoLoggername2021-06-08 16:54:25,444 [12] INFO  InfoLogger - /api/Uniformed/SendAllInfo:Post请求接口成功:;记录时间:2021/6/8 16:54:25;
 InfoLoggername2021-06-08 16:54:25,486 [9] INFO  InfoLogger - /api/Uniformed/SendAllInfo:Post请求接口成功:;记录时间:2021/6/8 16:54:25;
 InfoLoggername2021-06-08 16:54:25,494 [43] INFO  InfoLogger - /api/Uniformed/SendAllInfo:Post请求接口成功:;记录时间:2021/6/8 16:54:25;
 InfoLoggername2021-06-08 16:54:25,504 [13] INFO  InfoLogger - /api/Uniformed/SendAllInfo:Post请求接口成功:;记录时间:2021/6/8 16:54:25;
 InfoLoggername2021-06-08 16:54:25,546 [6] INFO  InfoLogger - /api/Uniformed/SendAllInfo:Post请求接口成功:;记录时间:2021/6/8 16:54:25;
 InfoLoggername2021-06-08 16:54:25,770 [6] INFO  InfoLogger - /api/Uniformed/SendAllInfo:Post请求接口成功:;记录时间:2021/6/8 16:54:25;
 InfoLoggername2021-06-08 16:54:25,778 [46] INFO  InfoLogger - /api/Uniformed/SendAllInfo:Post请求接口成功:;记录时间:2021/6/8 16:54:25;
 InfoLoggername2021-06-08 16:54:26,912 [9] INFO  InfoLogger - /api/Uniformed/SendAllInfo:Post请求接口成功:;记录时间:2021/6/8 16:54:26;
 InfoLoggername2021-06-08 16:54:47,109 [47] INFO  InfoLogger - /api/Uniformed/SendAllInfo:Post请求接口成功:;记录时间:2021/6/8 16:54:47;
 InfoLoggername2021-06-08 16:54:47,189 [13] INFO  InfoLogger - /api/Uniformed/SendAllInfo:Post请求接口成功:;记录时间:2021/6/8 16:54:47;
 InfoLoggername2021-06-08 16:54:47,257 [9] INFO  InfoLogger - /api/Uniformed/SendAllInfo:Post请求接口成功:;记录时间:2021/6/8 16:54:47;
 InfoLoggername2021-06-08 16:54:47,276 [6] INFO  InfoLogger - /api/Uniformed/SendAllInfo:Post请求接口成功:;记录时间:2021/6/8 16:54:47;
 InfoLoggername2021-06-08 16:54:47,322 [12] INFO  InfoLogger - /api/Uniformed/SendAllInfo:Post请求接口成功:;记录时间:2021/6/8 16:54:47;
 InfoLoggername2021-06-08 16:54:47,322 [43] INFO  InfoLogger - /api/Uniformed/SendAllInfo:Post请求接口成功:;记录时间:2021/6/8 16:54:47;
 InfoLoggername2021-06-08 16:54:47,592 [6] INFO  InfoLogger - /api/Uniformed/SendAllInfo:Post请求接口成功:;记录时间:2021/6/8 16:54:47;
 InfoLoggername2021-06-08 16:54:47,594 [12] INFO  InfoLogger - /api/Uniformed/SendAllInfo:Post请求接口成功:;记录时间:2021/6/8 16:54:47;
 InfoLoggername2021-06-08 16:54:48,531 [47] INFO  InfoLogger - /api/Uniformed/SendAllInfo:Post请求接口成功:;记录时间:2021/6/8 16:54:48;
 InfoLoggername2021-06-08 16:54:53,191 [43] INFO  InfoLogger - /api/Uniformed/SendAllInfo:Post请求接口成功:;记录时间:2021/6/8 16:54:53;
 InfoLoggername2021-06-08 16:54:53,288 [6] INFO  InfoLogger - /api/Uniformed/SendAllInfo:Post请求接口成功:;记录时间:2021/6/8 16:54:53;
 InfoLoggername2021-06-08 16:54:53,302 [13] INFO  InfoLogger - /api/Uniformed/SendAllInfo:Post请求接口成功:;记录时间:2021/6/8 16:54:53;
 InfoLoggername2021-06-08 16:54:53,317 [46] INFO  InfoLogger - /api/Uniformed/SendAllInfo:Post请求接口成功:;记录时间:2021/6/8 16:54:53;
 InfoLoggername2021-06-08 16:54:53,430 [154] INFO  InfoLogger - /api/Uniformed/SendAllInfo:Post请求接口成功:;记录时间:2021/6/8 16:54:53;
 InfoLoggername2021-06-08 16:54:53,440 [155] INFO  InfoLogger - /api/Uniformed/SendAllInfo:Post请求接口成功:;记录时间:2021/6/8 16:54:53;
 InfoLoggername2021-06-08 16:54:53,574 [13] INFO  InfoLogger - /api/Uniformed/SendAllInfo:Post请求接口成功:;记录时间:2021/6/8 16:54:53;
 InfoLoggername2021-06-08 16:54:53,583 [46] INFO  InfoLogger - /api/Uniformed/SendAllInfo:Post请求接口成功:;记录时间:2021/6/8 16:54:53;
 InfoLoggername2021-06-08 16:54:55,980 [43] INFO  InfoLogger - /api/Uniformed/SendAllInfo:Post请求接口成功:;记录时间:2021/6/8 16:54:55;
 InfoLoggername2021-06-08 16:56:11,304 [43] INFO  InfoLogger - /api/Uniformed/SendAllInfo:Post请求接口成功:;记录时间:2021/6/8 16:56:11;
 InfoLoggername2021-06-08 16:56:11,397 [46] INFO  InfoLogger - /api/Uniformed/SendAllInfo:Post请求接口成功:;记录时间:2021/6/8 16:56:11;
 InfoLoggername2021-06-08 16:56:11,463 [162] INFO  InfoLogger - /api/Uniformed/SendAllInfo:Post请求接口成功:;记录时间:2021/6/8 16:56:11;
 InfoLoggername2021-06-08 16:56:11,470 [160] INFO  InfoLogger - /api/Uniformed/SendAllInfo:Post请求接口成功:;记录时间:2021/6/8 16:56:11;
 InfoLoggername2021-06-08 16:56:11,529 [167] INFO  InfoLogger - /api/Uniformed/SendAllInfo:Post请求接口成功:;记录时间:2021/6/8 16:56:11;
 InfoLoggername2021-06-08 16:56:11,558 [163] INFO  InfoLogger - /api/Uniformed/SendAllInfo:Post请求接口成功:;记录时间:2021/6/8 16:56:11;
 InfoLoggername2021-06-08 16:56:11,744 [160] INFO  InfoLogger - /api/Uniformed/SendAllInfo:Post请求接口成功:;记录时间:2021/6/8 16:56:11;
 InfoLoggername2021-06-08 16:56:11,744 [162] INFO  InfoLogger - /api/Uniformed/SendAllInfo:Post请求接口成功:;记录时间:2021/6/8 16:56:11;
 InfoLoggername2021-06-08 16:56:12,684 [43] INFO  InfoLogger - /api/Uniformed/SendAllInfo:Post请求接口成功:;记录时间:2021/6/8 16:56:12;
 InfoLoggername2021-06-08 16:56:33,834 [46] INFO  InfoLogger - /api/Uniformed/SendAllInfo:Post请求接口成功:;记录时间:2021/6/8 16:56:33;
 InfoLoggername2021-06-08 16:56:33,903 [43] INFO  InfoLogger - /api/Uniformed/SendAllInfo:Post请求接口成功:;记录时间:2021/6/8 16:56:33;
 InfoLoggername2021-06-08 16:56:33,996 [178] INFO  InfoLogger - /api/Uniformed/SendAllInfo:Post请求接口成功:;记录时间:2021/6/8 16:56:33;
 InfoLoggername2021-06-08 16:56:34,024 [160] INFO  InfoLogger - /api/Uniformed/SendAllInfo:Post请求接口成功:;记录时间:2021/6/8 16:56:34;
 InfoLoggername2021-06-08 16:56:34,025 [163] INFO  InfoLogger - /api/Uniformed/SendAllInfo:Post请求接口成功:;记录时间:2021/6/8 16:56:34;
 InfoLoggername2021-06-08 16:56:34,044 [172] INFO  InfoLogger - /api/Uniformed/SendAllInfo:Post请求接口成功:;记录时间:2021/6/8 16:56:34;
 InfoLoggername2021-06-08 16:56:34,318 [163] INFO  InfoLogger - /api/Uniformed/SendAllInfo:Post请求接口成功:;记录时间:2021/6/8 16:56:34;
 InfoLoggername2021-06-08 16:56:34,343 [160] INFO  InfoLogger - /api/Uniformed/SendAllInfo:Post请求接口成功:;记录时间:2021/6/8 16:56:34;
 InfoLoggername2021-06-08 16:56:35,378 [46] INFO  InfoLogger - /api/Uniformed/SendAllInfo:Post请求接口成功:;记录时间:2021/6/8 16:56:35;
 InfoLoggername2021-06-08 17:24:33,203 [60] INFO  InfoLogger - /api/Uniformed/SendAllInfo:Post请求接口成功:;记录时间:2021/6/8 17:24:33;
 InfoLoggername2021-06-08 17:24:33,564 [45] INFO  InfoLogger - /api/Uniformed/SendAllInfo:Post请求接口成功:;记录时间:2021/6/8 17:24:33;
 InfoLoggername2021-06-08 17:24:33,608 [50] INFO  InfoLogger - /api/Uniformed/SendAllInfo:Post请求接口成功:;记录时间:2021/6/8 17:24:33;
 InfoLoggername2021-06-08 17:24:33,608 [49] INFO  InfoLogger - /api/Uniformed/SendAllInfo:Post请求接口成功:;记录时间:2021/6/8 17:24:33;
 InfoLoggername2021-06-08 17:24:33,744 [57] INFO  InfoLogger - /api/Uniformed/SendAllInfo:Post请求接口成功:;记录时间:2021/6/8 17:24:33;
 InfoLoggername2021-06-08 17:24:33,771 [63] INFO  InfoLogger - /api/Uniformed/SendAllInfo:Post请求接口成功:;记录时间:2021/6/8 17:24:33;
 InfoLoggername2021-06-08 17:24:33,863 [45] INFO  InfoLogger - /api/Uniformed/SendAllInfo:Post请求接口成功:;记录时间:2021/6/8 17:24:33;
 InfoLoggername2021-06-08 17:24:33,905 [50] INFO  InfoLogger - /api/Uniformed/SendAllInfo:Post请求接口成功:;记录时间:2021/6/8 17:24:33;
 InfoLoggername2021-06-08 17:24:34,771 [60] INFO  InfoLogger - /api/Uniformed/SendAllInfo:Post请求接口成功:;记录时间:2021/6/8 17:24:34;
 InfoLoggername2021-06-08 17:36:47,019 [56] INFO  InfoLogger - /api/Uniformed/SendAllInfo:Post请求接口成功:;记录时间:2021/6/8 17:36:47;
 InfoLoggername2021-06-08 17:36:47,168 [50] INFO  InfoLogger - /api/Uniformed/SendAllInfo:Post请求接口成功:;记录时间:2021/6/8 17:36:47;
 InfoLoggername2021-06-08 17:36:47,304 [44] INFO  InfoLogger - /api/Uniformed/SendAllInfo:Post请求接口成功:;记录时间:2021/6/8 17:36:47;
 InfoLoggername2021-06-08 17:36:47,384 [42] INFO  InfoLogger - /api/Uniformed/SendAllInfo:Post请求接口成功:;记录时间:2021/6/8 17:36:47;
 InfoLoggername2021-06-08 17:36:47,418 [13] INFO  InfoLogger - /api/Uniformed/SendAllInfo:Post请求接口成功:;记录时间:2021/6/8 17:36:47;
 InfoLoggername2021-06-08 17:36:47,455 [10] INFO  InfoLogger - /api/Uniformed/SendAllInfo:Post请求接口成功:;记录时间:2021/6/8 17:36:47;
 InfoLoggername2021-06-08 17:36:47,604 [42] INFO  InfoLogger - /api/Uniformed/SendAllInfo:Post请求接口成功:;记录时间:2021/6/8 17:36:47;
 InfoLoggername2021-06-08 17:36:47,634 [13] INFO  InfoLogger - /api/Uniformed/SendAllInfo:Post请求接口成功:;记录时间:2021/6/8 17:36:47;
 InfoLoggername2021-06-08 17:36:49,615 [56] INFO  InfoLogger - /api/Uniformed/SendAllInfo:Post请求接口成功:;记录时间:2021/6/8 17:36:49;
 InfoLoggername2021-06-08 17:37:03,298 [10] INFO  InfoLogger - /api/Uniformed/SendAllInfo:Post请求接口成功:;记录时间:2021/6/8 17:37:03;
 InfoLoggername2021-06-08 17:37:03,305 [44] INFO  InfoLogger - /api/Uniformed/SendAllInfo:Post请求接口成功:;记录时间:2021/6/8 17:37:03;
 InfoLoggername2021-06-08 17:37:03,318 [56] INFO  InfoLogger - /api/Uniformed/SendAllInfo:Post请求接口成功:;记录时间:2021/6/8 17:37:03;
 InfoLoggername2021-06-08 17:37:03,363 [42] INFO  InfoLogger - /api/Uniformed/SendAllInfo:Post请求接口成功:;记录时间:2021/6/8 17:37:03;
 InfoLoggername2021-06-08 17:37:03,367 [151] INFO  InfoLogger - /api/Uniformed/SendAllInfo:Post请求接口成功:;记录时间:2021/6/8 17:37:03;
 InfoLoggername2021-06-08 17:37:03,426 [154] INFO  InfoLogger - /api/Uniformed/SendAllInfo:Post请求接口成功:;记录时间:2021/6/8 17:37:03;
 InfoLoggername2021-06-08 17:37:03,604 [42] INFO  InfoLogger - /api/Uniformed/SendAllInfo:Post请求接口成功:;记录时间:2021/6/8 17:37:03;
 InfoLoggername2021-06-08 17:37:03,609 [151] INFO  InfoLogger - /api/Uniformed/SendAllInfo:Post请求接口成功:;记录时间:2021/6/8 17:37:03;
 InfoLoggername2021-06-08 17:37:04,823 [154] INFO  InfoLogger - /api/Uniformed/SendAllInfo:Post请求接口成功:;记录时间:2021/6/8 17:37:04;
 InfoLoggername2021-06-08 17:37:40,775 [10] INFO  InfoLogger - /api/Uniformed/SendAllInfo:Post请求接口成功:;记录时间:2021/6/8 17:37:40;
 InfoLoggername2021-06-08 17:37:40,819 [13] INFO  InfoLogger - /api/Uniformed/SendAllInfo:Post请求接口成功:;记录时间:2021/6/8 17:37:40;
 InfoLoggername2021-06-08 17:37:40,840 [56] INFO  InfoLogger - /api/Uniformed/SendAllInfo:Post请求接口成功:;记录时间:2021/6/8 17:37:40;
 InfoLoggername2021-06-08 17:37:40,884 [154] INFO  InfoLogger - /api/Uniformed/SendAllInfo:Post请求接口成功:;记录时间:2021/6/8 17:37:40;
 InfoLoggername2021-06-08 17:37:40,889 [42] INFO  InfoLogger - /api/Uniformed/SendAllInfo:Post请求接口成功:;记录时间:2021/6/8 17:37:40;
 InfoLoggername2021-06-08 17:37:40,997 [164] INFO  InfoLogger - /api/Uniformed/SendAllInfo:Post请求接口成功:;记录时间:2021/6/8 17:37:40;
 InfoLoggername2021-06-08 17:37:41,079 [56] INFO  InfoLogger - /api/Uniformed/SendAllInfo:Post请求接口成功:;记录时间:2021/6/8 17:37:41;
 InfoLoggername2021-06-08 17:37:41,116 [13] INFO  InfoLogger - /api/Uniformed/SendAllInfo:Post请求接口成功:;记录时间:2021/6/8 17:37:41;
 InfoLoggername2021-06-08 17:37:42,166 [10] INFO  InfoLogger - /api/Uniformed/SendAllInfo:Post请求接口成功:;记录时间:2021/6/8 17:37:42;
 InfoLoggername2021-06-08 17:37:48,808 [56] INFO  InfoLogger - /api/Uniformed/SendAllInfo:Post请求接口成功:;记录时间:2021/6/8 17:37:48;
 InfoLoggername2021-06-08 17:37:48,860 [10] INFO  InfoLogger - /api/Uniformed/SendAllInfo:Post请求接口成功:;记录时间:2021/6/8 17:37:48;
 InfoLoggername2021-06-08 17:37:48,891 [13] INFO  InfoLogger - /api/Uniformed/SendAllInfo:Post请求接口成功:;记录时间:2021/6/8 17:37:48;
 InfoLoggername2021-06-08 17:37:48,916 [154] INFO  InfoLogger - /api/Uniformed/SendAllInfo:Post请求接口成功:;记录时间:2021/6/8 17:37:48;
 InfoLoggername2021-06-08 17:37:48,970 [42] INFO  InfoLogger - /api/Uniformed/SendAllInfo:Post请求接口成功:;记录时间:2021/6/8 17:37:48;
 InfoLoggername2021-06-08 17:37:49,026 [164] INFO  InfoLogger - /api/Uniformed/SendAllInfo:Post请求接口成功:;记录时间:2021/6/8 17:37:49;
 InfoLoggername2021-06-08 17:37:49,110 [13] INFO  InfoLogger - /api/Uniformed/SendAllInfo:Post请求接口成功:;记录时间:2021/6/8 17:37:49;
 InfoLoggername2021-06-08 17:37:49,194 [42] INFO  InfoLogger - /api/Uniformed/SendAllInfo:Post请求接口成功:;记录时间:2021/6/8 17:37:49;
 InfoLoggername2021-06-08 17:37:51,156 [56] INFO  InfoLogger - /api/Uniformed/SendAllInfo:Post请求接口成功:;记录时间:2021/6/8 17:37:51;
 InfoLoggername2021-06-08 17:38:05,585 [56] INFO  InfoLogger - /api/Uniformed/SendAllInfo:Post请求接口成功:;记录时间:2021/6/8 17:38:05;
 InfoLoggername2021-06-08 17:38:05,606 [61] INFO  InfoLogger - /api/Uniformed/SendAllInfo:Post请求接口成功:;记录时间:2021/6/8 17:38:05;
 InfoLoggername2021-06-08 17:38:05,624 [10] INFO  InfoLogger - /api/Uniformed/SendAllInfo:Post请求接口成功:;记录时间:2021/6/8 17:38:05;
 InfoLoggername2021-06-08 17:38:05,689 [154] INFO  InfoLogger - /api/Uniformed/SendAllInfo:Post请求接口成功:;记录时间:2021/6/8 17:38:05;
 InfoLoggername2021-06-08 17:38:05,739 [164] INFO  InfoLogger - /api/Uniformed/SendAllInfo:Post请求接口成功:;记录时间:2021/6/8 17:38:05;
 InfoLoggername2021-06-08 17:38:05,807 [56] INFO  InfoLogger - /api/Uniformed/SendAllInfo:Post请求接口成功:;记录时间:2021/6/8 17:38:05;
 InfoLoggername2021-06-08 17:38:05,866 [10] INFO  InfoLogger - /api/Uniformed/SendAllInfo:Post请求接口成功:;记录时间:2021/6/8 17:38:05;
 InfoLoggername2021-06-08 17:38:05,889 [69] INFO  InfoLogger - /api/Uniformed/SendAllInfo:Post请求接口成功:;记录时间:2021/6/8 17:38:05;
 InfoLoggername2021-06-08 17:38:08,156 [61] INFO  InfoLogger - /api/Uniformed/SendAllInfo:Post请求接口成功:;记录时间:2021/6/8 17:38:08;
 InfoLoggername2021-06-08 17:38:09,336 [154] INFO  InfoLogger - /api/Uniformed/SendAllInfo:Post请求接口成功:;记录时间:2021/6/8 17:38:09;
 InfoLoggername2021-06-08 17:38:09,345 [61] INFO  InfoLogger - /api/Uniformed/SendAllInfo:Post请求接口成功:;记录时间:2021/6/8 17:38:09;
 InfoLoggername2021-06-08 17:38:09,352 [70] INFO  InfoLogger - /api/Uniformed/SendAllInfo:Post请求接口成功:;记录时间:2021/6/8 17:38:09;
 InfoLoggername2021-06-08 17:38:09,367 [56] INFO  InfoLogger - /api/Uniformed/SendAllInfo:Post请求接口成功:;记录时间:2021/6/8 17:38:09;
 InfoLoggername2021-06-08 17:38:09,409 [74] INFO  InfoLogger - /api/Uniformed/SendAllInfo:Post请求接口成功:;记录时间:2021/6/8 17:38:09;
 InfoLoggername2021-06-08 17:38:09,581 [56] INFO  InfoLogger - /api/Uniformed/SendAllInfo:Post请求接口成功:;记录时间:2021/6/8 17:38:09;
 InfoLoggername2021-06-08 17:38:09,621 [74] INFO  InfoLogger - /api/Uniformed/SendAllInfo:Post请求接口成功:;记录时间:2021/6/8 17:38:09;
 InfoLoggername2021-06-08 17:38:11,955 [164] INFO  InfoLogger - /api/Uniformed/SendAllInfo:Post请求接口成功:;记录时间:2021/6/8 17:38:11;
 InfoLoggername2021-06-08 17:43:33,984 [96] INFO  InfoLogger - /api/Uniformed/SendAllInfo:Post请求接口成功:;记录时间:2021/6/8 17:43:33;
 InfoLoggername2021-06-08 17:43:34,097 [67] INFO  InfoLogger - /api/Uniformed/SendAllInfo:Post请求接口成功:;记录时间:2021/6/8 17:43:34;
 InfoLoggername2021-06-08 17:43:34,108 [91] INFO  InfoLogger - /api/Uniformed/SendAllInfo:Post请求接口成功:;记录时间:2021/6/8 17:43:34;
 InfoLoggername2021-06-08 17:43:34,143 [89] INFO  InfoLogger - /api/Uniformed/SendAllInfo:Post请求接口成功:;记录时间:2021/6/8 17:43:34;
 InfoLoggername2021-06-08 17:43:34,191 [84] INFO  InfoLogger - /api/Uniformed/SendAllInfo:Post请求接口成功:;记录时间:2021/6/8 17:43:34;
 InfoLoggername2021-06-08 17:43:34,290 [86] INFO  InfoLogger - /api/Uniformed/SendAllInfo:Post请求接口成功:;记录时间:2021/6/8 17:43:34;
 InfoLoggername2021-06-08 17:43:34,448 [91] INFO  InfoLogger - /api/Uniformed/SendAllInfo:Post请求接口成功:;记录时间:2021/6/8 17:43:34;
 InfoLoggername2021-06-08 17:43:34,473 [84] INFO  InfoLogger - /api/Uniformed/SendAllInfo:Post请求接口成功:;记录时间:2021/6/8 17:43:34;
 InfoLoggername2021-06-08 17:43:35,396 [96] INFO  InfoLogger - /api/Uniformed/SendAllInfo:Post请求接口成功:;记录时间:2021/6/8 17:43:35;
 InfoLoggername2021-06-08 17:46:22,559 [107] INFO  InfoLogger - English Message : Connection open error . A network-related or instance-specific error occurred while establishing a connection to SQL Server. The server was not found or was not accessible. Verify that the instance name is correct and that SQL Server is configured to allow remote connections. (provider: TCP Provider, error: 0 - 由于连接方在一段时间后没有正确答复或连接的主机没有反应，连接尝试失败。)
Chinese Message :  连接数据库过程中发生错误，检查服务器是否正常连接字符串是否正确，实在找不到原因请先Google错误信息：A network-related or instance-specific error occurred while establishing a connection to SQL Server. The server was not found or was not accessible. Verify that the instance name is correct and that SQL Server is configured to allow remote connections. (provider: TCP Provider, error: 0 - 由于连接方在一段时间后没有正确答复或连接的主机没有反应，连接尝试失败。).
 InfoLoggername2021-06-08 17:46:25,094 [110] INFO  InfoLogger - English Message : Connection open error . A network-related or instance-specific error occurred while establishing a connection to SQL Server. The server was not found or was not accessible. Verify that the instance name is correct and that SQL Server is configured to allow remote connections. (provider: TCP Provider, error: 0 - 由于连接方在一段时间后没有正确答复或连接的主机没有反应，连接尝试失败。)
Chinese Message :  连接数据库过程中发生错误，检查服务器是否正常连接字符串是否正确，实在找不到原因请先Google错误信息：A network-related or instance-specific error occurred while establishing a connection to SQL Server. The server was not found or was not accessible. Verify that the instance name is correct and that SQL Server is configured to allow remote connections. (provider: TCP Provider, error: 0 - 由于连接方在一段时间后没有正确答复或连接的主机没有反应，连接尝试失败。).
 InfoLoggername2021-06-08 17:46:26,036 [67] INFO  InfoLogger - 全局异常过滤器：English Message : Connection open error . A network-related or instance-specific error occurred while establishing a connection to SQL Server. The server was not found or was not accessible. Verify that the instance name is correct and that SQL Server is configured to allow remote connections. (provider: TCP Provider, error: 0 - 由于连接方在一段时间后没有正确答复或连接的主机没有反应，连接尝试失败。)
Chinese Message :  连接数据库过程中发生错误，检查服务器是否正常连接字符串是否正确，实在找不到原因请先Google错误信息：A network-related or instance-specific error occurred while establishing a connection to SQL Server. The server was not found or was not accessible. Verify that the instance name is correct and that SQL Server is configured to allow remote connections. (provider: TCP Provider, error: 0 - 由于连接方在一段时间后没有正确答复或连接的主机没有反应，连接尝试失败。).
 InfoLoggername2021-06-08 17:46:26,037 [114] INFO  InfoLogger - 全局异常过滤器：English Message : Connection open error . A network-related or instance-specific error occurred while establishing a connection to SQL Server. The server was not found or was not accessible. Verify that the instance name is correct and that SQL Server is configured to allow remote connections. (provider: TCP Provider, error: 0 - 由于连接方在一段时间后没有正确答复或连接的主机没有反应，连接尝试失败。)
Chinese Message :  连接数据库过程中发生错误，检查服务器是否正常连接字符串是否正确，实在找不到原因请先Google错误信息：A network-related or instance-specific error occurred while establishing a connection to SQL Server. The server was not found or was not accessible. Verify that the instance name is correct and that SQL Server is configured to allow remote connections. (provider: TCP Provider, error: 0 - 由于连接方在一段时间后没有正确答复或连接的主机没有反应，连接尝试失败。).
 InfoLoggername2021-06-08 17:46:26,040 [119] INFO  InfoLogger - 全局异常过滤器：English Message : Connection open error . A network-related or instance-specific error occurred while establishing a connection to SQL Server. The server was not found or was not accessible. Verify that the instance name is correct and that SQL Server is configured to allow remote connections. (provider: TCP Provider, error: 0 - 由于连接方在一段时间后没有正确答复或连接的主机没有反应，连接尝试失败。)
Chinese Message :  连接数据库过程中发生错误，检查服务器是否正常连接字符串是否正确，实在找不到原因请先Google错误信息：A network-related or instance-specific error occurred while establishing a connection to SQL Server. The server was not found or was not accessible. Verify that the instance name is correct and that SQL Server is configured to allow remote connections. (provider: TCP Provider, error: 0 - 由于连接方在一段时间后没有正确答复或连接的主机没有反应，连接尝试失败。).
 InfoLoggername2021-06-08 17:46:26,040 [109] INFO  InfoLogger - 全局异常过滤器：English Message : Connection open error . A network-related or instance-specific error occurred while establishing a connection to SQL Server. The server was not found or was not accessible. Verify that the instance name is correct and that SQL Server is configured to allow remote connections. (provider: TCP Provider, error: 0 - 由于连接方在一段时间后没有正确答复或连接的主机没有反应，连接尝试失败。)
Chinese Message :  连接数据库过程中发生错误，检查服务器是否正常连接字符串是否正确，实在找不到原因请先Google错误信息：A network-related or instance-specific error occurred while establishing a connection to SQL Server. The server was not found or was not accessible. Verify that the instance name is correct and that SQL Server is configured to allow remote connections. (provider: TCP Provider, error: 0 - 由于连接方在一段时间后没有正确答复或连接的主机没有反应，连接尝试失败。).
 InfoLoggername2021-06-08 17:46:26,040 [111] INFO  InfoLogger - 全局异常过滤器：English Message : Connection open error . A network-related or instance-specific error occurred while establishing a connection to SQL Server. The server was not found or was not accessible. Verify that the instance name is correct and that SQL Server is configured to allow remote connections. (provider: TCP Provider, error: 0 - 由于连接方在一段时间后没有正确答复或连接的主机没有反应，连接尝试失败。)
Chinese Message :  连接数据库过程中发生错误，检查服务器是否正常连接字符串是否正确，实在找不到原因请先Google错误信息：A network-related or instance-specific error occurred while establishing a connection to SQL Server. The server was not found or was not accessible. Verify that the instance name is correct and that SQL Server is configured to allow remote connections. (provider: TCP Provider, error: 0 - 由于连接方在一段时间后没有正确答复或连接的主机没有反应，连接尝试失败。).
 InfoLoggername2021-06-08 17:46:26,040 [112] INFO  InfoLogger - 全局异常过滤器：English Message : Connection open error . A network-related or instance-specific error occurred while establishing a connection to SQL Server. The server was not found or was not accessible. Verify that the instance name is correct and that SQL Server is configured to allow remote connections. (provider: TCP Provider, error: 0 - 由于连接方在一段时间后没有正确答复或连接的主机没有反应，连接尝试失败。)
Chinese Message :  连接数据库过程中发生错误，检查服务器是否正常连接字符串是否正确，实在找不到原因请先Google错误信息：A network-related or instance-specific error occurred while establishing a connection to SQL Server. The server was not found or was not accessible. Verify that the instance name is correct and that SQL Server is configured to allow remote connections. (provider: TCP Provider, error: 0 - 由于连接方在一段时间后没有正确答复或连接的主机没有反应，连接尝试失败。).
 InfoLoggername2021-06-08 17:46:26,906 [99] INFO  InfoLogger - 全局异常过滤器：English Message : Connection open error . A network-related or instance-specific error occurred while establishing a connection to SQL Server. The server was not found or was not accessible. Verify that the instance name is correct and that SQL Server is configured to allow remote connections. (provider: TCP Provider, error: 0 - 由于连接方在一段时间后没有正确答复或连接的主机没有反应，连接尝试失败。)
Chinese Message :  连接数据库过程中发生错误，检查服务器是否正常连接字符串是否正确，实在找不到原因请先Google错误信息：A network-related or instance-specific error occurred while establishing a connection to SQL Server. The server was not found or was not accessible. Verify that the instance name is correct and that SQL Server is configured to allow remote connections. (provider: TCP Provider, error: 0 - 由于连接方在一段时间后没有正确答复或连接的主机没有反应，连接尝试失败。).
 InfoLoggername2021-06-08 17:46:26,906 [105] INFO  InfoLogger - 全局异常过滤器：English Message : Connection open error . A network-related or instance-specific error occurred while establishing a connection to SQL Server. The server was not found or was not accessible. Verify that the instance name is correct and that SQL Server is configured to allow remote connections. (provider: TCP Provider, error: 0 - 由于连接方在一段时间后没有正确答复或连接的主机没有反应，连接尝试失败。)
Chinese Message :  连接数据库过程中发生错误，检查服务器是否正常连接字符串是否正确，实在找不到原因请先Google错误信息：A network-related or instance-specific error occurred while establishing a connection to SQL Server. The server was not found or was not accessible. Verify that the instance name is correct and that SQL Server is configured to allow remote connections. (provider: TCP Provider, error: 0 - 由于连接方在一段时间后没有正确答复或连接的主机没有反应，连接尝试失败。).
 InfoLoggername2021-06-08 17:46:26,907 [102] INFO  InfoLogger - 全局异常过滤器：English Message : Connection open error . A network-related or instance-specific error occurred while establishing a connection to SQL Server. The server was not found or was not accessible. Verify that the instance name is correct and that SQL Server is configured to allow remote connections. (provider: TCP Provider, error: 0 - 由于连接方在一段时间后没有正确答复或连接的主机没有反应，连接尝试失败。)
Chinese Message :  连接数据库过程中发生错误，检查服务器是否正常连接字符串是否正确，实在找不到原因请先Google错误信息：A network-related or instance-specific error occurred while establishing a connection to SQL Server. The server was not found or was not accessible. Verify that the instance name is correct and that SQL Server is configured to allow remote connections. (provider: TCP Provider, error: 0 - 由于连接方在一段时间后没有正确答复或连接的主机没有反应，连接尝试失败。).
 InfoLoggername2021-06-08 17:46:26,918 [104] INFO  InfoLogger - 全局异常过滤器：English Message : Connection open error . A network-related or instance-specific error occurred while establishing a connection to SQL Server. The server was not found or was not accessible. Verify that the instance name is correct and that SQL Server is configured to allow remote connections. (provider: TCP Provider, error: 0 - 由于连接方在一段时间后没有正确答复或连接的主机没有反应，连接尝试失败。)
Chinese Message :  连接数据库过程中发生错误，检查服务器是否正常连接字符串是否正确，实在找不到原因请先Google错误信息：A network-related or instance-specific error occurred while establishing a connection to SQL Server. The server was not found or was not accessible. Verify that the instance name is correct and that SQL Server is configured to allow remote connections. (provider: TCP Provider, error: 0 - 由于连接方在一段时间后没有正确答复或连接的主机没有反应，连接尝试失败。).
 InfoLoggername2021-06-08 17:46:41,994 [67] INFO  InfoLogger - English Message : Connection open error . Timeout expired.  The timeout period elapsed prior to obtaining a connection from the pool.  This may have occurred because all pooled connections were in use and max pool size was reached.
Chinese Message :  连接数据库过程中发生错误，检查服务器是否正常连接字符串是否正确，实在找不到原因请先Google错误信息：Timeout expired.  The timeout period elapsed prior to obtaining a connection from the pool.  This may have occurred because all pooled connections were in use and max pool size was reached..
 InfoLoggername2021-06-08 17:46:42,002 [102] INFO  InfoLogger - English Message : Connection open error . Timeout expired.  The timeout period elapsed prior to obtaining a connection from the pool.  This may have occurred because all pooled connections were in use and max pool size was reached.
Chinese Message :  连接数据库过程中发生错误，检查服务器是否正常连接字符串是否正确，实在找不到原因请先Google错误信息：Timeout expired.  The timeout period elapsed prior to obtaining a connection from the pool.  This may have occurred because all pooled connections were in use and max pool size was reached..
 InfoLoggername2021-06-08 17:46:46,570 [99] INFO  InfoLogger - English Message : Connection open error . Timeout expired.  The timeout period elapsed prior to obtaining a connection from the pool.  This may have occurred because all pooled connections were in use and max pool size was reached.
Chinese Message :  连接数据库过程中发生错误，检查服务器是否正常连接字符串是否正确，实在找不到原因请先Google错误信息：Timeout expired.  The timeout period elapsed prior to obtaining a connection from the pool.  This may have occurred because all pooled connections were in use and max pool size was reached..
 InfoLoggername2021-06-08 17:46:46,624 [119] INFO  InfoLogger - English Message : Connection open error . Timeout expired.  The timeout period elapsed prior to obtaining a connection from the pool.  This may have occurred because all pooled connections were in use and max pool size was reached.
Chinese Message :  连接数据库过程中发生错误，检查服务器是否正常连接字符串是否正确，实在找不到原因请先Google错误信息：Timeout expired.  The timeout period elapsed prior to obtaining a connection from the pool.  This may have occurred because all pooled connections were in use and max pool size was reached..
 InfoLoggername2021-06-08 17:46:46,624 [105] INFO  InfoLogger - English Message : Connection open error . Timeout expired.  The timeout period elapsed prior to obtaining a connection from the pool.  This may have occurred because all pooled connections were in use and max pool size was reached.
Chinese Message :  连接数据库过程中发生错误，检查服务器是否正常连接字符串是否正确，实在找不到原因请先Google错误信息：Timeout expired.  The timeout period elapsed prior to obtaining a connection from the pool.  This may have occurred because all pooled connections were in use and max pool size was reached..
 InfoLoggername2021-06-08 17:46:46,652 [104] INFO  InfoLogger - English Message : Connection open error . Timeout expired.  The timeout period elapsed prior to obtaining a connection from the pool.  This may have occurred because all pooled connections were in use and max pool size was reached.
Chinese Message :  连接数据库过程中发生错误，检查服务器是否正常连接字符串是否正确，实在找不到原因请先Google错误信息：Timeout expired.  The timeout period elapsed prior to obtaining a connection from the pool.  This may have occurred because all pooled connections were in use and max pool size was reached..
 InfoLoggername2021-06-08 17:46:46,676 [114] INFO  InfoLogger - English Message : Connection open error . Timeout expired.  The timeout period elapsed prior to obtaining a connection from the pool.  This may have occurred because all pooled connections were in use and max pool size was reached.
Chinese Message :  连接数据库过程中发生错误，检查服务器是否正常连接字符串是否正确，实在找不到原因请先Google错误信息：Timeout expired.  The timeout period elapsed prior to obtaining a connection from the pool.  This may have occurred because all pooled connections were in use and max pool size was reached..
 InfoLoggername2021-06-08 17:46:47,409 [111] INFO  InfoLogger - English Message : Connection open error . Timeout expired.  The timeout period elapsed prior to obtaining a connection from the pool.  This may have occurred because all pooled connections were in use and max pool size was reached.
Chinese Message :  连接数据库过程中发生错误，检查服务器是否正常连接字符串是否正确，实在找不到原因请先Google错误信息：Timeout expired.  The timeout period elapsed prior to obtaining a connection from the pool.  This may have occurred because all pooled connections were in use and max pool size was reached..
 InfoLoggername2021-06-08 17:46:57,776 [112] INFO  InfoLogger - English Message : Connection open error . Timeout expired.  The timeout period elapsed prior to obtaining a connection from the pool.  This may have occurred because all pooled connections were in use and max pool size was reached.
Chinese Message :  连接数据库过程中发生错误，检查服务器是否正常连接字符串是否正确，实在找不到原因请先Google错误信息：Timeout expired.  The timeout period elapsed prior to obtaining a connection from the pool.  This may have occurred because all pooled connections were in use and max pool size was reached..
 InfoLoggername2021-06-08 17:46:57,785 [109] INFO  InfoLogger - English Message : Connection open error . Timeout expired.  The timeout period elapsed prior to obtaining a connection from the pool.  This may have occurred because all pooled connections were in use and max pool size was reached.
Chinese Message :  连接数据库过程中发生错误，检查服务器是否正常连接字符串是否正确，实在找不到原因请先Google错误信息：Timeout expired.  The timeout period elapsed prior to obtaining a connection from the pool.  This may have occurred because all pooled connections were in use and max pool size was reached..
 InfoLoggername2021-06-08 17:47:00,430 [110] INFO  InfoLogger - 全局异常过滤器：English Message : Connection open error . Timeout expired.  The timeout period elapsed prior to obtaining a connection from the pool.  This may have occurred because all pooled connections were in use and max pool size was reached.
Chinese Message :  连接数据库过程中发生错误，检查服务器是否正常连接字符串是否正确，实在找不到原因请先Google错误信息：Timeout expired.  The timeout period elapsed prior to obtaining a connection from the pool.  This may have occurred because all pooled connections were in use and max pool size was reached..
 InfoLoggername2021-06-08 17:47:00,437 [107] INFO  InfoLogger - 全局异常过滤器：English Message : Connection open error . Timeout expired.  The timeout period elapsed prior to obtaining a connection from the pool.  This may have occurred because all pooled connections were in use and max pool size was reached.
Chinese Message :  连接数据库过程中发生错误，检查服务器是否正常连接字符串是否正确，实在找不到原因请先Google错误信息：Timeout expired.  The timeout period elapsed prior to obtaining a connection from the pool.  This may have occurred because all pooled connections were in use and max pool size was reached..
 InfoLoggername2021-06-08 17:47:00,443 [129] INFO  InfoLogger - 全局异常过滤器：English Message : Connection open error . Timeout expired.  The timeout period elapsed prior to obtaining a connection from the pool.  This may have occurred because all pooled connections were in use and max pool size was reached.
Chinese Message :  连接数据库过程中发生错误，检查服务器是否正常连接字符串是否正确，实在找不到原因请先Google错误信息：Timeout expired.  The timeout period elapsed prior to obtaining a connection from the pool.  This may have occurred because all pooled connections were in use and max pool size was reached..
 InfoLoggername2021-06-08 17:47:15,494 [107] INFO  InfoLogger - English Message : Connection open error . Timeout expired.  The timeout period elapsed prior to obtaining a connection from the pool.  This may have occurred because all pooled connections were in use and max pool size was reached.
Chinese Message :  连接数据库过程中发生错误，检查服务器是否正常连接字符串是否正确，实在找不到原因请先Google错误信息：Timeout expired.  The timeout period elapsed prior to obtaining a connection from the pool.  This may have occurred because all pooled connections were in use and max pool size was reached..
 InfoLoggername2021-06-08 17:47:18,619 [110] INFO  InfoLogger - English Message : Connection open error . Timeout expired.  The timeout period elapsed prior to obtaining a connection from the pool.  This may have occurred because all pooled connections were in use and max pool size was reached.
Chinese Message :  连接数据库过程中发生错误，检查服务器是否正常连接字符串是否正确，实在找不到原因请先Google错误信息：Timeout expired.  The timeout period elapsed prior to obtaining a connection from the pool.  This may have occurred because all pooled connections were in use and max pool size was reached..
 InfoLoggername2021-06-08 17:47:19,313 [129] INFO  InfoLogger - English Message : Connection open error . Timeout expired.  The timeout period elapsed prior to obtaining a connection from the pool.  This may have occurred because all pooled connections were in use and max pool size was reached.
Chinese Message :  连接数据库过程中发生错误，检查服务器是否正常连接字符串是否正确，实在找不到原因请先Google错误信息：Timeout expired.  The timeout period elapsed prior to obtaining a connection from the pool.  This may have occurred because all pooled connections were in use and max pool size was reached..
 InfoLoggername2021-06-08 17:52:15,653 [128] INFO  InfoLogger - 全局异常过滤器：English Message : Connection open error . A network-related or instance-specific error occurred while establishing a connection to SQL Server. The server was not found or was not accessible. Verify that the instance name is correct and that SQL Server is configured to allow remote connections. (provider: TCP Provider, error: 0 - 由于连接方在一段时间后没有正确答复或连接的主机没有反应，连接尝试失败。)
Chinese Message :  连接数据库过程中发生错误，检查服务器是否正常连接字符串是否正确，实在找不到原因请先Google错误信息：A network-related or instance-specific error occurred while establishing a connection to SQL Server. The server was not found or was not accessible. Verify that the instance name is correct and that SQL Server is configured to allow remote connections. (provider: TCP Provider, error: 0 - 由于连接方在一段时间后没有正确答复或连接的主机没有反应，连接尝试失败。).
 InfoLoggername2021-06-08 17:52:17,641 [110] INFO  InfoLogger - 全局异常过滤器：English Message : Connection open error . Timeout expired.  The timeout period elapsed prior to obtaining a connection from the pool.  This may have occurred because all pooled connections were in use and max pool size was reached.
Chinese Message :  连接数据库过程中发生错误，检查服务器是否正常连接字符串是否正确，实在找不到原因请先Google错误信息：Timeout expired.  The timeout period elapsed prior to obtaining a connection from the pool.  This may have occurred because all pooled connections were in use and max pool size was reached..
 InfoLoggername2021-06-08 17:52:17,643 [123] INFO  InfoLogger - 全局异常过滤器：English Message : Connection open error . Timeout expired.  The timeout period elapsed prior to obtaining a connection from the pool.  This may have occurred because all pooled connections were in use and max pool size was reached.
Chinese Message :  连接数据库过程中发生错误，检查服务器是否正常连接字符串是否正确，实在找不到原因请先Google错误信息：Timeout expired.  The timeout period elapsed prior to obtaining a connection from the pool.  This may have occurred because all pooled connections were in use and max pool size was reached..
 InfoLoggername2021-06-08 17:52:17,651 [117] INFO  InfoLogger - 全局异常过滤器：English Message : Connection open error . Timeout expired.  The timeout period elapsed prior to obtaining a connection from the pool.  This may have occurred because all pooled connections were in use and max pool size was reached.
Chinese Message :  连接数据库过程中发生错误，检查服务器是否正常连接字符串是否正确，实在找不到原因请先Google错误信息：Timeout expired.  The timeout period elapsed prior to obtaining a connection from the pool.  This may have occurred because all pooled connections were in use and max pool size was reached..
 InfoLoggername